{"/home/raeder/Meu-Time/Meu_Time/src/App.jsx": {"path":"/home/raeder/Meu-Time/Meu_Time/src/App.jsx","statementMap":{"0":{"start":{"line":8,"column":2},"end":{"line":15,"column":4}}},"fnMap":{"0":{"name":"App","decl":{"start":{"line":7,"column":9},"end":{"line":7,"column":12}},"loc":{"start":{"line":7,"column":15},"end":{"line":16,"column":1}},"line":7}},"branchMap":{},"s":{"0":5},"f":{"0":5},"b":{},"_coverageSchema":"1a1c01bbd47fc00a2c39e90264f33305004495a9","hash":"53d1b2ea5e60ed81e320088df408b4a7ea55b1fa"}
,"/home/raeder/Meu-Time/Meu_Time/src/main.jsx": {"path":"/home/raeder/Meu-Time/Meu_Time/src/main.jsx","statementMap":{"0":{"start":{"line":7,"column":0},"end":{"line":13,"column":2}}},"fnMap":{},"branchMap":{},"s":{"0":0},"f":{},"b":{}}
,"/home/raeder/Meu-Time/Meu_Time/src/components/Chart.jsx": {"path":"/home/raeder/Meu-Time/Meu_Time/src/components/Chart.jsx","statementMap":{"0":{"start":{"line":13,"column":0},"end":{"line":20,"column":2}},"1":{"start":{"line":22,"column":16},"end":{"line":32,"column":1}},"2":{"start":{"line":35,"column":17},"end":{"line":35,"column":38}},"3":{"start":{"line":36,"column":15},"end":{"line":54,"column":3}},"4":{"start":{"line":41,"column":57},"end":{"line":41,"column":62}},"5":{"start":{"line":48,"column":61},"end":{"line":48,"column":66}},"6":{"start":{"line":55,"column":2},"end":{"line":55,"column":47}},"7":{"start":{"line":58,"column":0},"end":{"line":61,"column":2}}},"fnMap":{"0":{"name":"BarChart","decl":{"start":{"line":34,"column":24},"end":{"line":34,"column":32}},"loc":{"start":{"line":34,"column":61},"end":{"line":56,"column":1}},"line":34},"1":{"name":"(anonymous_1)","decl":{"start":{"line":41,"column":42},"end":{"line":41,"column":43}},"loc":{"start":{"line":41,"column":57},"end":{"line":41,"column":62}},"line":41},"2":{"name":"(anonymous_2)","decl":{"start":{"line":48,"column":46},"end":{"line":48,"column":47}},"loc":{"start":{"line":48,"column":61},"end":{"line":48,"column":66}},"line":48}},"branchMap":{},"s":{"0":1,"1":1,"2":0,"3":0,"4":0,"5":0,"6":0,"7":1},"f":{"0":0,"1":0,"2":0},"b":{},"_coverageSchema":"1a1c01bbd47fc00a2c39e90264f33305004495a9","hash":"9c9a14e261b86952f23235e100eb3c8a37885373"}
,"/home/raeder/Meu-Time/Meu_Time/src/components/Header.jsx": {"path":"/home/raeder/Meu-Time/Meu_Time/src/components/Header.jsx","statementMap":{"0":{"start":{"line":6,"column":18},"end":{"line":6,"column":30}},"1":{"start":{"line":7,"column":26},"end":{"line":7,"column":38}},"2":{"start":{"line":9,"column":2},"end":{"line":14,"column":9}},"3":{"start":{"line":12,"column":8},"end":{"line":12,"column":41}},"4":{"start":{"line":13,"column":4},"end":{"line":13,"column":56}},"5":{"start":{"line":16,"column":17},"end":{"line":20,"column":3}},"6":{"start":{"line":17,"column":4},"end":{"line":17,"column":41}},"7":{"start":{"line":18,"column":4},"end":{"line":18,"column":38}},"8":{"start":{"line":19,"column":4},"end":{"line":19,"column":22}},"9":{"start":{"line":22,"column":2},"end":{"line":30,"column":4}}},"fnMap":{"0":{"name":"Header","decl":{"start":{"line":5,"column":24},"end":{"line":5,"column":30}},"loc":{"start":{"line":5,"column":33},"end":{"line":31,"column":1}},"line":5},"1":{"name":"(anonymous_1)","decl":{"start":{"line":9,"column":12},"end":{"line":9,"column":13}},"loc":{"start":{"line":9,"column":18},"end":{"line":14,"column":3}},"line":9},"2":{"name":"(anonymous_2)","decl":{"start":{"line":16,"column":17},"end":{"line":16,"column":18}},"loc":{"start":{"line":16,"column":23},"end":{"line":20,"column":3}},"line":16}},"branchMap":{},"s":{"0":2,"1":2,"2":2,"3":1,"4":1,"5":2,"6":0,"7":0,"8":0,"9":2},"f":{"0":2,"1":1,"2":0},"b":{},"_coverageSchema":"1a1c01bbd47fc00a2c39e90264f33305004495a9","hash":"cd27e87fc7e9971bb79535fb1965af7d6e04f4f3"}
,"/home/raeder/Meu-Time/Meu_Time/src/components/Information.jsx": {"path":"/home/raeder/Meu-Time/Meu_Time/src/components/Information.jsx","statementMap":{"0":{"start":{"line":12,"column":40},"end":{"line":12,"column":55}},"1":{"start":{"line":13,"column":44},"end":{"line":13,"column":59}},"2":{"start":{"line":14,"column":46},"end":{"line":14,"column":61}},"3":{"start":{"line":15,"column":40},"end":{"line":15,"column":55}},"4":{"start":{"line":16,"column":32},"end":{"line":16,"column":44}},"5":{"start":{"line":17,"column":38},"end":{"line":17,"column":50}},"6":{"start":{"line":19,"column":2},"end":{"line":36,"column":13}},"7":{"start":{"line":20,"column":27},"end":{"line":31,"column":5}},"8":{"start":{"line":21,"column":6},"end":{"line":25,"column":8}},"9":{"start":{"line":23,"column":18},"end":{"line":23,"column":43}},"10":{"start":{"line":26,"column":6},"end":{"line":30,"column":8}},"11":{"start":{"line":28,"column":18},"end":{"line":28,"column":46}},"12":{"start":{"line":32,"column":4},"end":{"line":32,"column":21}},"13":{"start":{"line":35,"column":4},"end":{"line":35,"column":26}},"14":{"start":{"line":38,"column":2},"end":{"line":61,"column":4}},"15":{"start":{"line":40,"column":29},"end":{"line":40,"column":60}},"16":{"start":{"line":40,"column":54},"end":{"line":40,"column":59}},"17":{"start":{"line":43,"column":29},"end":{"line":43,"column":62}},"18":{"start":{"line":43,"column":56},"end":{"line":43,"column":61}},"19":{"start":{"line":48,"column":29},"end":{"line":48,"column":63}},"20":{"start":{"line":48,"column":57},"end":{"line":48,"column":62}},"21":{"start":{"line":53,"column":29},"end":{"line":53,"column":60}},"22":{"start":{"line":53,"column":54},"end":{"line":53,"column":59}},"23":{"start":{"line":64,"column":0},"end":{"line":69,"column":2}}},"fnMap":{"0":{"name":"Information","decl":{"start":{"line":11,"column":24},"end":{"line":11,"column":35}},"loc":{"start":{"line":11,"column":70},"end":{"line":62,"column":1}},"line":11},"1":{"name":"(anonymous_1)","decl":{"start":{"line":19,"column":12},"end":{"line":19,"column":13}},"loc":{"start":{"line":19,"column":18},"end":{"line":36,"column":3}},"line":19},"2":{"name":"(anonymous_2)","decl":{"start":{"line":20,"column":27},"end":{"line":20,"column":28}},"loc":{"start":{"line":20,"column":39},"end":{"line":31,"column":5}},"line":20},"3":{"name":"(anonymous_3)","decl":{"start":{"line":23,"column":8},"end":{"line":23,"column":9}},"loc":{"start":{"line":23,"column":18},"end":{"line":23,"column":43}},"line":23},"4":{"name":"(anonymous_4)","decl":{"start":{"line":28,"column":8},"end":{"line":28,"column":9}},"loc":{"start":{"line":28,"column":18},"end":{"line":28,"column":46}},"line":28},"5":{"name":"(anonymous_5)","decl":{"start":{"line":40,"column":23},"end":{"line":40,"column":24}},"loc":{"start":{"line":40,"column":29},"end":{"line":40,"column":60}},"line":40},"6":{"name":"(anonymous_6)","decl":{"start":{"line":40,"column":44},"end":{"line":40,"column":45}},"loc":{"start":{"line":40,"column":54},"end":{"line":40,"column":59}},"line":40},"7":{"name":"(anonymous_7)","decl":{"start":{"line":43,"column":23},"end":{"line":43,"column":24}},"loc":{"start":{"line":43,"column":29},"end":{"line":43,"column":62}},"line":43},"8":{"name":"(anonymous_8)","decl":{"start":{"line":43,"column":46},"end":{"line":43,"column":47}},"loc":{"start":{"line":43,"column":56},"end":{"line":43,"column":61}},"line":43},"9":{"name":"(anonymous_9)","decl":{"start":{"line":48,"column":23},"end":{"line":48,"column":24}},"loc":{"start":{"line":48,"column":29},"end":{"line":48,"column":63}},"line":48},"10":{"name":"(anonymous_10)","decl":{"start":{"line":48,"column":47},"end":{"line":48,"column":48}},"loc":{"start":{"line":48,"column":57},"end":{"line":48,"column":62}},"line":48},"11":{"name":"(anonymous_11)","decl":{"start":{"line":53,"column":23},"end":{"line":53,"column":24}},"loc":{"start":{"line":53,"column":29},"end":{"line":53,"column":60}},"line":53},"12":{"name":"(anonymous_12)","decl":{"start":{"line":53,"column":44},"end":{"line":53,"column":45}},"loc":{"start":{"line":53,"column":54},"end":{"line":53,"column":59}},"line":53}},"branchMap":{"0":{"loc":{"start":{"line":41,"column":7},"end":{"line":41,"column":55}},"type":"binary-expr","locations":[{"start":{"line":41,"column":7},"end":{"line":41,"column":18}},{"start":{"line":41,"column":22},"end":{"line":41,"column":55}}],"line":41},"1":{"loc":{"start":{"line":46,"column":7},"end":{"line":46,"column":64}},"type":"binary-expr","locations":[{"start":{"line":46,"column":7},"end":{"line":46,"column":20}},{"start":{"line":46,"column":24},"end":{"line":46,"column":64}}],"line":46},"2":{"loc":{"start":{"line":51,"column":7},"end":{"line":51,"column":72}},"type":"binary-expr","locations":[{"start":{"line":51,"column":7},"end":{"line":51,"column":21}},{"start":{"line":51,"column":25},"end":{"line":51,"column":72}}],"line":51},"3":{"loc":{"start":{"line":54,"column":7},"end":{"line":59,"column":7}},"type":"binary-expr","locations":[{"start":{"line":54,"column":7},"end":{"line":54,"column":18}},{"start":{"line":55,"column":8},"end":{"line":58,"column":10}}],"line":54}},"s":{"0":0,"1":0,"2":0,"3":0,"4":0,"5":0,"6":0,"7":0,"8":0,"9":0,"10":0,"11":0,"12":0,"13":0,"14":0,"15":0,"16":0,"17":0,"18":0,"19":0,"20":0,"21":0,"22":0,"23":1},"f":{"0":0,"1":0,"2":0,"3":0,"4":0,"5":0,"6":0,"7":0,"8":0,"9":0,"10":0,"11":0,"12":0},"b":{"0":[0,0],"1":[0,0],"2":[0,0],"3":[0,0]},"_coverageSchema":"1a1c01bbd47fc00a2c39e90264f33305004495a9","hash":"af4b2522f9167ba33a9e8f7d26f47cf92ccafe15"}
,"/home/raeder/Meu-Time/Meu_Time/src/components/Lineups.jsx": {"path":"/home/raeder/Meu-Time/Meu_Time/src/components/Lineups.jsx","statementMap":{"0":{"start":{"line":5,"column":18},"end":{"line":5,"column":42}},"1":{"start":{"line":6,"column":2},"end":{"line":10,"column":4}},"2":{"start":{"line":13,"column":0},"end":{"line":15,"column":2}}},"fnMap":{"0":{"name":"Lineups","decl":{"start":{"line":4,"column":24},"end":{"line":4,"column":31}},"loc":{"start":{"line":4,"column":45},"end":{"line":11,"column":1}},"line":4}},"branchMap":{},"s":{"0":0,"1":0,"2":1},"f":{"0":0},"b":{},"_coverageSchema":"1a1c01bbd47fc00a2c39e90264f33305004495a9","hash":"12a5175dc9842e239f9505897f5609d0769c45e7"}
,"/home/raeder/Meu-Time/Meu_Time/src/components/PlayersInfo.jsx": {"path":"/home/raeder/Meu-Time/Meu_Time/src/components/PlayersInfo.jsx","statementMap":{"0":{"start":{"line":5,"column":18},"end":{"line":5,"column":52}},"1":{"start":{"line":6,"column":22},"end":{"line":10,"column":5}},"2":{"start":{"line":6,"column":79},"end":{"line":10,"column":3}},"3":{"start":{"line":11,"column":2},"end":{"line":15,"column":4}},"4":{"start":{"line":18,"column":0},"end":{"line":20,"column":2}}},"fnMap":{"0":{"name":"playersInfo","decl":{"start":{"line":4,"column":24},"end":{"line":4,"column":35}},"loc":{"start":{"line":4,"column":49},"end":{"line":16,"column":1}},"line":4},"1":{"name":"(anonymous_1)","decl":{"start":{"line":6,"column":34},"end":{"line":6,"column":35}},"loc":{"start":{"line":6,"column":79},"end":{"line":10,"column":3}},"line":6}},"branchMap":{},"s":{"0":0,"1":0,"2":0,"3":0,"4":1},"f":{"0":0,"1":0},"b":{},"_coverageSchema":"1a1c01bbd47fc00a2c39e90264f33305004495a9","hash":"06c406049c5650563c06a99afb58bbceb75d90de"}
,"/home/raeder/Meu-Time/Meu_Time/src/components/SelectOptions.jsx": {"path":"/home/raeder/Meu-Time/Meu_Time/src/components/SelectOptions.jsx","statementMap":{"0":{"start":{"line":9,"column":2},"end":{"line":32,"column":4}},"1":{"start":{"line":17,"column":47},"end":{"line":17,"column":66}},"2":{"start":{"line":24,"column":14},"end":{"line":26,"column":23}},"3":{"start":{"line":35,"column":0},"end":{"line":40,"column":2}}},"fnMap":{"0":{"name":"SelectOptions","decl":{"start":{"line":3,"column":24},"end":{"line":3,"column":37}},"loc":{"start":{"line":8,"column":3},"end":{"line":33,"column":1}},"line":8},"1":{"name":"(anonymous_1)","decl":{"start":{"line":17,"column":20},"end":{"line":17,"column":21}},"loc":{"start":{"line":17,"column":47},"end":{"line":17,"column":66}},"line":17},"2":{"name":"(anonymous_2)","decl":{"start":{"line":23,"column":22},"end":{"line":23,"column":23}},"loc":{"start":{"line":24,"column":14},"end":{"line":26,"column":23}},"line":24}},"branchMap":{"0":{"loc":{"start":{"line":22,"column":11},"end":{"line":27,"column":14}},"type":"binary-expr","locations":[{"start":{"line":22,"column":11},"end":{"line":22,"column":23}},{"start":{"line":23,"column":12},"end":{"line":27,"column":14}}],"line":22}},"s":{"0":8,"1":0,"2":0,"3":1},"f":{"0":8,"1":0,"2":0},"b":{"0":[8,0]},"_coverageSchema":"1a1c01bbd47fc00a2c39e90264f33305004495a9","hash":"7a787d524cbbbaf4605471e56855d6b259b8154f"}
,"/home/raeder/Meu-Time/Meu_Time/src/components/Statistics.jsx": {"path":"/home/raeder/Meu-Time/Meu_Time/src/components/Statistics.jsx","statementMap":{"0":{"start":{"line":5,"column":18},"end":{"line":5,"column":65}},"1":{"start":{"line":6,"column":41},"end":{"line":6,"column":51}},"2":{"start":{"line":7,"column":15},"end":{"line":14,"column":3}},"3":{"start":{"line":15,"column":2},"end":{"line":19,"column":4}},"4":{"start":{"line":22,"column":0},"end":{"line":37,"column":2}}},"fnMap":{"0":{"name":"Statistics","decl":{"start":{"line":4,"column":24},"end":{"line":4,"column":34}},"loc":{"start":{"line":4,"column":51},"end":{"line":20,"column":1}},"line":4}},"branchMap":{},"s":{"0":0,"1":0,"2":0,"3":0,"4":1},"f":{"0":0},"b":{},"_coverageSchema":"1a1c01bbd47fc00a2c39e90264f33305004495a9","hash":"b237ba16c7cd465c116ca4fb87f0838afab3b268"}
,"/home/raeder/Meu-Time/Meu_Time/src/components/Table.jsx": {"path":"/home/raeder/Meu-Time/Meu_Time/src/components/Table.jsx","statementMap":{"0":{"start":{"line":4,"column":2},"end":{"line":23,"column":4}},"1":{"start":{"line":9,"column":12},"end":{"line":9,"column":42}},"2":{"start":{"line":15,"column":10},"end":{"line":19,"column":15}},"3":{"start":{"line":17,"column":14},"end":{"line":17,"column":56}},"4":{"start":{"line":26,"column":0},"end":{"line":29,"column":2}}},"fnMap":{"0":{"name":"Table","decl":{"start":{"line":3,"column":24},"end":{"line":3,"column":29}},"loc":{"start":{"line":3,"column":50},"end":{"line":24,"column":1}},"line":3},"1":{"name":"(anonymous_1)","decl":{"start":{"line":8,"column":23},"end":{"line":8,"column":24}},"loc":{"start":{"line":9,"column":12},"end":{"line":9,"column":42}},"line":9},"2":{"name":"(anonymous_2)","decl":{"start":{"line":14,"column":19},"end":{"line":14,"column":20}},"loc":{"start":{"line":15,"column":10},"end":{"line":19,"column":15}},"line":15},"3":{"name":"(anonymous_3)","decl":{"start":{"line":16,"column":37},"end":{"line":16,"column":38}},"loc":{"start":{"line":17,"column":14},"end":{"line":17,"column":56}},"line":17}},"branchMap":{},"s":{"0":0,"1":0,"2":0,"3":0,"4":1},"f":{"0":0,"1":0,"2":0,"3":0},"b":{},"_coverageSchema":"1a1c01bbd47fc00a2c39e90264f33305004495a9","hash":"d8be493742ed49ed21905f828b56f8d3b97adb28"}
,"/home/raeder/Meu-Time/Meu_Time/src/pages/Login.jsx": {"path":"/home/raeder/Meu-Time/Meu_Time/src/pages/Login.jsx","statementMap":{"0":{"start":{"line":7,"column":30},"end":{"line":7,"column":42}},"1":{"start":{"line":8,"column":38},"end":{"line":8,"column":53}},"2":{"start":{"line":9,"column":18},"end":{"line":9,"column":30}},"3":{"start":{"line":11,"column":23},"end":{"line":14,"column":3}},"4":{"start":{"line":12,"column":4},"end":{"line":12,"column":23}},"5":{"start":{"line":13,"column":4},"end":{"line":13,"column":54}},"6":{"start":{"line":16,"column":28},"end":{"line":25,"column":3}},"7":{"start":{"line":17,"column":4},"end":{"line":20,"column":5}},"8":{"start":{"line":18,"column":6},"end":{"line":18,"column":26}},"9":{"start":{"line":19,"column":6},"end":{"line":19,"column":49}},"10":{"start":{"line":21,"column":4},"end":{"line":21,"column":25}},"11":{"start":{"line":22,"column":4},"end":{"line":22,"column":57}},"12":{"start":{"line":23,"column":4},"end":{"line":23,"column":51}},"13":{"start":{"line":24,"column":4},"end":{"line":24,"column":26}},"14":{"start":{"line":27,"column":2},"end":{"line":39,"column":4}},"15":{"start":{"line":28,"column":27},"end":{"line":28,"column":42}},"16":{"start":{"line":32,"column":45},"end":{"line":32,"column":61}}},"fnMap":{"0":{"name":"Login","decl":{"start":{"line":6,"column":24},"end":{"line":6,"column":29}},"loc":{"start":{"line":6,"column":32},"end":{"line":40,"column":1}},"line":6},"1":{"name":"(anonymous_1)","decl":{"start":{"line":11,"column":23},"end":{"line":11,"column":24}},"loc":{"start":{"line":11,"column":36},"end":{"line":14,"column":3}},"line":11},"2":{"name":"(anonymous_2)","decl":{"start":{"line":16,"column":28},"end":{"line":16,"column":29}},"loc":{"start":{"line":16,"column":43},"end":{"line":25,"column":3}},"line":16},"3":{"name":"(anonymous_3)","decl":{"start":{"line":28,"column":20},"end":{"line":28,"column":21}},"loc":{"start":{"line":28,"column":27},"end":{"line":28,"column":42}},"line":28},"4":{"name":"(anonymous_4)","decl":{"start":{"line":32,"column":18},"end":{"line":32,"column":19}},"loc":{"start":{"line":32,"column":45},"end":{"line":32,"column":61}},"line":32}},"branchMap":{"0":{"loc":{"start":{"line":17,"column":4},"end":{"line":20,"column":5}},"type":"if","locations":[{"start":{"line":17,"column":4},"end":{"line":20,"column":5}},{"start":{},"end":{}}],"line":17},"1":{"loc":{"start":{"line":37,"column":7},"end":{"line":37,"column":44}},"type":"binary-expr","locations":[{"start":{"line":37,"column":7},"end":{"line":37,"column":17}},{"start":{"line":37,"column":21},"end":{"line":37,"column":44}}],"line":37}},"s":{"0":102,"1":102,"2":102,"3":102,"4":2,"5":2,"6":102,"7":2,"8":1,"9":1,"10":1,"11":1,"12":1,"13":1,"14":102,"15":2,"16":96},"f":{"0":102,"1":2,"2":2,"3":2,"4":96},"b":{"0":[1,1],"1":[102,1]},"_coverageSchema":"1a1c01bbd47fc00a2c39e90264f33305004495a9","hash":"b0e49db751ca7e5de7e5a49ca7d2bef2954491e0"}
,"/home/raeder/Meu-Time/Meu_Time/src/pages/Main.jsx": {"path":"/home/raeder/Meu-Time/Meu_Time/src/pages/Main.jsx","statementMap":{"0":{"start":{"line":11,"column":18},"end":{"line":11,"column":30}},"1":{"start":{"line":13,"column":30},"end":{"line":13,"column":42}},"2":{"start":{"line":14,"column":36},"end":{"line":14,"column":48}},"3":{"start":{"line":15,"column":48},"end":{"line":15,"column":66}},"4":{"start":{"line":16,"column":32},"end":{"line":16,"column":44}},"5":{"start":{"line":17,"column":47},"end":{"line":17,"column":63}},"6":{"start":{"line":18,"column":32},"end":{"line":18,"column":44}},"7":{"start":{"line":19,"column":46},"end":{"line":19,"column":58}},"8":{"start":{"line":20,"column":28},"end":{"line":20,"column":40}},"9":{"start":{"line":21,"column":42},"end":{"line":21,"column":54}},"10":{"start":{"line":23,"column":2},"end":{"line":29,"column":9}},"11":{"start":{"line":24,"column":25},"end":{"line":24,"column":55}},"12":{"start":{"line":25,"column":4},"end":{"line":27,"column":5}},"13":{"start":{"line":26,"column":6},"end":{"line":26,"column":24}},"14":{"start":{"line":28,"column":4},"end":{"line":28,"column":28}},"15":{"start":{"line":31,"column":2},"end":{"line":41,"column":15}},"16":{"start":{"line":32,"column":25},"end":{"line":39,"column":5}},"17":{"start":{"line":33,"column":6},"end":{"line":33,"column":80}},"18":{"start":{"line":33,"column":43},"end":{"line":33,"column":70}},"19":{"start":{"line":34,"column":6},"end":{"line":38,"column":8}},"20":{"start":{"line":36,"column":18},"end":{"line":36,"column":43}},"21":{"start":{"line":40,"column":4},"end":{"line":40,"column":19}},"22":{"start":{"line":43,"column":2},"end":{"line":49,"column":24}},"23":{"start":{"line":44,"column":33},"end":{"line":47,"column":5}},"24":{"start":{"line":45,"column":23},"end":{"line":45,"column":60}},"25":{"start":{"line":46,"column":6},"end":{"line":46,"column":74}},"26":{"start":{"line":46,"column":39},"end":{"line":46,"column":64}},"27":{"start":{"line":48,"column":4},"end":{"line":48,"column":27}},"28":{"start":{"line":51,"column":2},"end":{"line":60,"column":23}},"29":{"start":{"line":52,"column":21},"end":{"line":58,"column":5}},"30":{"start":{"line":53,"column":6},"end":{"line":57,"column":8}},"31":{"start":{"line":55,"column":18},"end":{"line":55,"column":41}},"32":{"start":{"line":59,"column":4},"end":{"line":59,"column":15}},"33":{"start":{"line":62,"column":2},"end":{"line":110,"column":4}},"34":{"start":{"line":67,"column":39},"end":{"line":67,"column":76}},"35":{"start":{"line":74,"column":37},"end":{"line":74,"column":64}},"36":{"start":{"line":81,"column":46},"end":{"line":84,"column":11}},"37":{"start":{"line":91,"column":42},"end":{"line":94,"column":11}}},"fnMap":{"0":{"name":"Main","decl":{"start":{"line":10,"column":24},"end":{"line":10,"column":28}},"loc":{"start":{"line":10,"column":31},"end":{"line":111,"column":1}},"line":10},"1":{"name":"(anonymous_1)","decl":{"start":{"line":23,"column":12},"end":{"line":23,"column":13}},"loc":{"start":{"line":23,"column":18},"end":{"line":29,"column":3}},"line":23},"2":{"name":"(anonymous_2)","decl":{"start":{"line":31,"column":12},"end":{"line":31,"column":13}},"loc":{"start":{"line":31,"column":18},"end":{"line":41,"column":3}},"line":31},"3":{"name":"(anonymous_3)","decl":{"start":{"line":32,"column":25},"end":{"line":32,"column":26}},"loc":{"start":{"line":32,"column":37},"end":{"line":39,"column":5}},"line":32},"4":{"name":"(anonymous_4)","decl":{"start":{"line":33,"column":33},"end":{"line":33,"column":34}},"loc":{"start":{"line":33,"column":43},"end":{"line":33,"column":70}},"line":33},"5":{"name":"(anonymous_5)","decl":{"start":{"line":36,"column":8},"end":{"line":36,"column":9}},"loc":{"start":{"line":36,"column":18},"end":{"line":36,"column":43}},"line":36},"6":{"name":"(anonymous_6)","decl":{"start":{"line":43,"column":12},"end":{"line":43,"column":13}},"loc":{"start":{"line":43,"column":18},"end":{"line":49,"column":3}},"line":43},"7":{"name":"(anonymous_7)","decl":{"start":{"line":44,"column":33},"end":{"line":44,"column":34}},"loc":{"start":{"line":44,"column":45},"end":{"line":47,"column":5}},"line":44},"8":{"name":"(anonymous_8)","decl":{"start":{"line":46,"column":29},"end":{"line":46,"column":30}},"loc":{"start":{"line":46,"column":39},"end":{"line":46,"column":64}},"line":46},"9":{"name":"(anonymous_9)","decl":{"start":{"line":51,"column":12},"end":{"line":51,"column":13}},"loc":{"start":{"line":51,"column":18},"end":{"line":60,"column":3}},"line":51},"10":{"name":"(anonymous_10)","decl":{"start":{"line":52,"column":21},"end":{"line":52,"column":22}},"loc":{"start":{"line":52,"column":33},"end":{"line":58,"column":5}},"line":52},"11":{"name":"(anonymous_11)","decl":{"start":{"line":55,"column":8},"end":{"line":55,"column":9}},"loc":{"start":{"line":55,"column":18},"end":{"line":55,"column":41}},"line":55},"12":{"name":"(anonymous_12)","decl":{"start":{"line":67,"column":31},"end":{"line":67,"column":32}},"loc":{"start":{"line":67,"column":39},"end":{"line":67,"column":76}},"line":67},"13":{"name":"(anonymous_13)","decl":{"start":{"line":74,"column":29},"end":{"line":74,"column":30}},"loc":{"start":{"line":74,"column":37},"end":{"line":74,"column":64}},"line":74},"14":{"name":"(anonymous_14)","decl":{"start":{"line":81,"column":29},"end":{"line":81,"column":30}},"loc":{"start":{"line":81,"column":46},"end":{"line":84,"column":11}},"line":81},"15":{"name":"(anonymous_15)","decl":{"start":{"line":91,"column":27},"end":{"line":91,"column":28}},"loc":{"start":{"line":91,"column":42},"end":{"line":94,"column":11}},"line":91}},"branchMap":{"0":{"loc":{"start":{"line":25,"column":4},"end":{"line":27,"column":5}},"type":"if","locations":[{"start":{"line":25,"column":4},"end":{"line":27,"column":5}},{"start":{},"end":{}}],"line":25},"1":{"loc":{"start":{"line":101,"column":7},"end":{"line":108,"column":7}},"type":"binary-expr","locations":[{"start":{"line":101,"column":7},"end":{"line":101,"column":19}},{"start":{"line":102,"column":8},"end":{"line":107,"column":10}}],"line":101}},"s":{"0":5,"1":4,"2":4,"3":4,"4":4,"5":4,"6":4,"7":4,"8":4,"9":4,"10":4,"11":1,"12":1,"13":0,"14":1,"15":4,"16":2,"17":2,"18":2,"19":2,"20":2,"21":2,"22":4,"23":1,"24":1,"25":1,"26":1,"27":1,"28":4,"29":1,"30":1,"31":1,"32":1,"33":4,"34":0,"35":0,"36":0,"37":0},"f":{"0":5,"1":1,"2":2,"3":2,"4":2,"5":2,"6":1,"7":1,"8":1,"9":1,"10":1,"11":1,"12":0,"13":0,"14":0,"15":0},"b":{"0":[0,1],"1":[2,0]},"_coverageSchema":"1a1c01bbd47fc00a2c39e90264f33305004495a9","hash":"96db67804cfdae78da43dcf50c6714484645037f"}
,"/home/raeder/Meu-Time/Meu_Time/src/pages/mock.js": {"path":"/home/raeder/Meu-Time/Meu_Time/src/pages/mock.js","statementMap":{"0":{"start":{"line":1,"column":25},"end":{"line":55,"column":1}},"1":{"start":{"line":57,"column":27},"end":{"line":166,"column":1}},"2":{"start":{"line":168,"column":31},"end":{"line":433,"column":1}}},"fnMap":{},"branchMap":{},"s":{"0":0,"1":0,"2":0},"f":{},"b":{}}
,"/home/raeder/Meu-Time/Meu_Time/src/utils/fetchAPI.js": {"path":"/home/raeder/Meu-Time/Meu_Time/src/utils/fetchAPI.js","statementMap":{"0":{"start":{"line":1,"column":13},"end":{"line":1,"column":40}},"1":{"start":{"line":4,"column":2},"end":{"line":10,"column":3}},"2":{"start":{"line":5,"column":21},"end":{"line":5,"column":68}},"3":{"start":{"line":6,"column":17},"end":{"line":6,"column":38}},"4":{"start":{"line":7,"column":4},"end":{"line":7,"column":19}},"5":{"start":{"line":9,"column":4},"end":{"line":9,"column":23}}},"fnMap":{"0":{"name":"fetchAPI","decl":{"start":{"line":3,"column":30},"end":{"line":3,"column":38}},"loc":{"start":{"line":3,"column":64},"end":{"line":11,"column":1}},"line":3}},"branchMap":{},"s":{"0":1,"1":8,"2":8,"3":8,"4":8,"5":1},"f":{"0":8},"b":{},"_coverageSchema":"1a1c01bbd47fc00a2c39e90264f33305004495a9","hash":"b8f8e738356c4b531eb4f5411540713034cf0953"}
,"/home/raeder/Meu-Time/Meu_Time/src/utils/getAPI.js": {"path":"/home/raeder/Meu-Time/Meu_Time/src/utils/getAPI.js","statementMap":{"0":{"start":{"line":4,"column":18},"end":{"line":9,"column":3}},"1":{"start":{"line":10,"column":2},"end":{"line":10,"column":42}}},"fnMap":{"0":{"name":"getAPI","decl":{"start":{"line":3,"column":30},"end":{"line":3,"column":36}},"loc":{"start":{"line":3,"column":61},"end":{"line":11,"column":1}},"line":3}},"branchMap":{},"s":{"0":8,"1":8},"f":{"0":8},"b":{},"_coverageSchema":"1a1c01bbd47fc00a2c39e90264f33305004495a9","hash":"42c7bd3373a797400f1eea208f937e4ef3ea0608"}
,"/home/raeder/Meu-Time/Meu_Time/src/utils/localStorage.js": {"path":"/home/raeder/Meu-Time/Meu_Time/src/utils/localStorage.js","statementMap":{"0":{"start":{"line":1,"column":16},"end":{"line":3,"column":1}},"1":{"start":{"line":2,"column":2},"end":{"line":2,"column":50}},"2":{"start":{"line":5,"column":16},"end":{"line":5,"column":72}},"3":{"start":{"line":5,"column":25},"end":{"line":5,"column":72}},"4":{"start":{"line":7,"column":24},"end":{"line":10,"column":1}},"5":{"start":{"line":8,"column":2},"end":{"line":8,"column":38}},"6":{"start":{"line":8,"column":21},"end":{"line":8,"column":38}},"7":{"start":{"line":9,"column":2},"end":{"line":9,"column":22}}},"fnMap":{"0":{"name":"(anonymous_0)","decl":{"start":{"line":1,"column":16},"end":{"line":1,"column":17}},"loc":{"start":{"line":1,"column":31},"end":{"line":3,"column":1}},"line":1},"1":{"name":"(anonymous_1)","decl":{"start":{"line":5,"column":16},"end":{"line":5,"column":17}},"loc":{"start":{"line":5,"column":25},"end":{"line":5,"column":72}},"line":5},"2":{"name":"(anonymous_2)","decl":{"start":{"line":7,"column":24},"end":{"line":7,"column":25}},"loc":{"start":{"line":7,"column":40},"end":{"line":10,"column":1}},"line":7}},"branchMap":{"0":{"loc":{"start":{"line":5,"column":36},"end":{"line":5,"column":71}},"type":"binary-expr","locations":[{"start":{"line":5,"column":36},"end":{"line":5,"column":61}},{"start":{"line":5,"column":65},"end":{"line":5,"column":71}}],"line":5},"1":{"loc":{"start":{"line":8,"column":2},"end":{"line":8,"column":38}},"type":"if","locations":[{"start":{"line":8,"column":2},"end":{"line":8,"column":38}},{"start":{},"end":{}}],"line":8}},"s":{"0":1,"1":4,"2":1,"3":4,"4":1,"5":2,"6":2,"7":2},"f":{"0":4,"1":4,"2":2},"b":{"0":[4,2],"1":[2,0]},"_coverageSchema":"1a1c01bbd47fc00a2c39e90264f33305004495a9","hash":"9557fc3d3be1def72b849306856101297391139a"}
}
