{"/home/raeder/Meu-Time/Meu_Time/src/App.jsx": {"path":"/home/raeder/Meu-Time/Meu_Time/src/App.jsx","statementMap":{"0":{"start":{"line":8,"column":2},"end":{"line":15,"column":4}}},"fnMap":{"0":{"name":"App","decl":{"start":{"line":7,"column":9},"end":{"line":7,"column":12}},"loc":{"start":{"line":7,"column":15},"end":{"line":16,"column":1}},"line":7}},"branchMap":{},"s":{"0":8},"f":{"0":8},"b":{},"_coverageSchema":"1a1c01bbd47fc00a2c39e90264f33305004495a9","hash":"53d1b2ea5e60ed81e320088df408b4a7ea55b1fa"}
,"/home/raeder/Meu-Time/Meu_Time/src/main.jsx": {"path":"/home/raeder/Meu-Time/Meu_Time/src/main.jsx","statementMap":{"0":{"start":{"line":7,"column":0},"end":{"line":13,"column":2}}},"fnMap":{},"branchMap":{},"s":{"0":0},"f":{},"b":{}}
,"/home/raeder/Meu-Time/Meu_Time/src/components/Chart.jsx": {"path":"/home/raeder/Meu-Time/Meu_Time/src/components/Chart.jsx","statementMap":{"0":{"start":{"line":13,"column":0},"end":{"line":20,"column":2}},"1":{"start":{"line":22,"column":16},"end":{"line":32,"column":1}},"2":{"start":{"line":35,"column":17},"end":{"line":35,"column":38}},"3":{"start":{"line":36,"column":15},"end":{"line":54,"column":3}},"4":{"start":{"line":41,"column":57},"end":{"line":41,"column":62}},"5":{"start":{"line":48,"column":61},"end":{"line":48,"column":66}},"6":{"start":{"line":55,"column":2},"end":{"line":55,"column":47}},"7":{"start":{"line":58,"column":0},"end":{"line":61,"column":2}}},"fnMap":{"0":{"name":"BarChart","decl":{"start":{"line":34,"column":24},"end":{"line":34,"column":32}},"loc":{"start":{"line":34,"column":61},"end":{"line":56,"column":1}},"line":34},"1":{"name":"(anonymous_1)","decl":{"start":{"line":41,"column":42},"end":{"line":41,"column":43}},"loc":{"start":{"line":41,"column":57},"end":{"line":41,"column":62}},"line":41},"2":{"name":"(anonymous_2)","decl":{"start":{"line":48,"column":46},"end":{"line":48,"column":47}},"loc":{"start":{"line":48,"column":61},"end":{"line":48,"column":66}},"line":48}},"branchMap":{},"s":{"0":2,"1":2,"2":0,"3":0,"4":0,"5":0,"6":0,"7":2},"f":{"0":0,"1":0,"2":0},"b":{},"_coverageSchema":"1a1c01bbd47fc00a2c39e90264f33305004495a9","hash":"9c9a14e261b86952f23235e100eb3c8a37885373"}
,"/home/raeder/Meu-Time/Meu_Time/src/components/Header.jsx": {"path":"/home/raeder/Meu-Time/Meu_Time/src/components/Header.jsx","statementMap":{"0":{"start":{"line":6,"column":18},"end":{"line":6,"column":30}},"1":{"start":{"line":7,"column":26},"end":{"line":7,"column":38}},"2":{"start":{"line":9,"column":2},"end":{"line":14,"column":9}},"3":{"start":{"line":12,"column":8},"end":{"line":12,"column":41}},"4":{"start":{"line":13,"column":4},"end":{"line":13,"column":56}},"5":{"start":{"line":16,"column":17},"end":{"line":20,"column":3}},"6":{"start":{"line":17,"column":4},"end":{"line":17,"column":41}},"7":{"start":{"line":18,"column":4},"end":{"line":18,"column":38}},"8":{"start":{"line":19,"column":4},"end":{"line":19,"column":22}},"9":{"start":{"line":22,"column":2},"end":{"line":30,"column":4}}},"fnMap":{"0":{"name":"Header","decl":{"start":{"line":5,"column":24},"end":{"line":5,"column":30}},"loc":{"start":{"line":5,"column":33},"end":{"line":31,"column":1}},"line":5},"1":{"name":"(anonymous_1)","decl":{"start":{"line":9,"column":12},"end":{"line":9,"column":13}},"loc":{"start":{"line":9,"column":18},"end":{"line":14,"column":3}},"line":9},"2":{"name":"(anonymous_2)","decl":{"start":{"line":16,"column":17},"end":{"line":16,"column":18}},"loc":{"start":{"line":16,"column":23},"end":{"line":20,"column":3}},"line":16}},"branchMap":{},"s":{"0":18,"1":18,"2":18,"3":3,"4":3,"5":18,"6":0,"7":0,"8":0,"9":18},"f":{"0":18,"1":3,"2":0},"b":{},"_coverageSchema":"1a1c01bbd47fc00a2c39e90264f33305004495a9","hash":"cd27e87fc7e9971bb79535fb1965af7d6e04f4f3"}
,"/home/raeder/Meu-Time/Meu_Time/src/components/Information.jsx": {"path":"/home/raeder/Meu-Time/Meu_Time/src/components/Information.jsx","statementMap":{"0":{"start":{"line":12,"column":40},"end":{"line":12,"column":55}},"1":{"start":{"line":13,"column":44},"end":{"line":13,"column":59}},"2":{"start":{"line":14,"column":46},"end":{"line":14,"column":61}},"3":{"start":{"line":15,"column":40},"end":{"line":15,"column":55}},"4":{"start":{"line":16,"column":32},"end":{"line":16,"column":44}},"5":{"start":{"line":17,"column":38},"end":{"line":17,"column":50}},"6":{"start":{"line":19,"column":21},"end":{"line":30,"column":3}},"7":{"start":{"line":20,"column":4},"end":{"line":28,"column":5}},"8":{"start":{"line":21,"column":6},"end":{"line":27,"column":8}},"9":{"start":{"line":24,"column":10},"end":{"line":24,"column":36}},"10":{"start":{"line":29,"column":4},"end":{"line":29,"column":36}},"11":{"start":{"line":29,"column":29},"end":{"line":29,"column":34}},"12":{"start":{"line":32,"column":25},"end":{"line":43,"column":3}},"13":{"start":{"line":33,"column":4},"end":{"line":41,"column":5}},"14":{"start":{"line":34,"column":6},"end":{"line":40,"column":8}},"15":{"start":{"line":37,"column":10},"end":{"line":37,"column":39}},"16":{"start":{"line":42,"column":4},"end":{"line":42,"column":30}},"17":{"start":{"line":42,"column":23},"end":{"line":42,"column":28}},"18":{"start":{"line":67,"column":2},"end":{"line":100,"column":4}},"19":{"start":{"line":76,"column":23},"end":{"line":76,"column":55}},"20":{"start":{"line":84,"column":23},"end":{"line":84,"column":56}},"21":{"start":{"line":90,"column":44},"end":{"line":90,"column":74}},"22":{"start":{"line":103,"column":0},"end":{"line":108,"column":2}}},"fnMap":{"0":{"name":"Information","decl":{"start":{"line":11,"column":24},"end":{"line":11,"column":35}},"loc":{"start":{"line":11,"column":70},"end":{"line":101,"column":1}},"line":11},"1":{"name":"(anonymous_1)","decl":{"start":{"line":19,"column":21},"end":{"line":19,"column":22}},"loc":{"start":{"line":19,"column":33},"end":{"line":30,"column":3}},"line":19},"2":{"name":"(anonymous_2)","decl":{"start":{"line":23,"column":8},"end":{"line":23,"column":9}},"loc":{"start":{"line":23,"column":18},"end":{"line":25,"column":9}},"line":23},"3":{"name":"(anonymous_3)","decl":{"start":{"line":29,"column":19},"end":{"line":29,"column":20}},"loc":{"start":{"line":29,"column":29},"end":{"line":29,"column":34}},"line":29},"4":{"name":"(anonymous_4)","decl":{"start":{"line":32,"column":25},"end":{"line":32,"column":26}},"loc":{"start":{"line":32,"column":45},"end":{"line":43,"column":3}},"line":32},"5":{"name":"(anonymous_5)","decl":{"start":{"line":36,"column":8},"end":{"line":36,"column":9}},"loc":{"start":{"line":36,"column":18},"end":{"line":38,"column":9}},"line":36},"6":{"name":"(anonymous_6)","decl":{"start":{"line":42,"column":13},"end":{"line":42,"column":14}},"loc":{"start":{"line":42,"column":23},"end":{"line":42,"column":28}},"line":42},"7":{"name":"(anonymous_7)","decl":{"start":{"line":76,"column":17},"end":{"line":76,"column":18}},"loc":{"start":{"line":76,"column":23},"end":{"line":76,"column":55}},"line":76},"8":{"name":"(anonymous_8)","decl":{"start":{"line":84,"column":17},"end":{"line":84,"column":18}},"loc":{"start":{"line":84,"column":23},"end":{"line":84,"column":56}},"line":84},"9":{"name":"(anonymous_9)","decl":{"start":{"line":90,"column":38},"end":{"line":90,"column":39}},"loc":{"start":{"line":90,"column":44},"end":{"line":90,"column":74}},"line":90}},"branchMap":{"0":{"loc":{"start":{"line":20,"column":4},"end":{"line":28,"column":5}},"type":"if","locations":[{"start":{"line":20,"column":4},"end":{"line":28,"column":5}},{"start":{},"end":{}}],"line":20},"1":{"loc":{"start":{"line":33,"column":4},"end":{"line":41,"column":5}},"type":"if","locations":[{"start":{"line":33,"column":4},"end":{"line":41,"column":5}},{"start":{},"end":{}}],"line":33},"2":{"loc":{"start":{"line":72,"column":7},"end":{"line":72,"column":55}},"type":"binary-expr","locations":[{"start":{"line":72,"column":7},"end":{"line":72,"column":18}},{"start":{"line":72,"column":22},"end":{"line":72,"column":55}}],"line":72},"3":{"loc":{"start":{"line":80,"column":7},"end":{"line":80,"column":64}},"type":"binary-expr","locations":[{"start":{"line":80,"column":7},"end":{"line":80,"column":20}},{"start":{"line":80,"column":24},"end":{"line":80,"column":64}}],"line":80},"4":{"loc":{"start":{"line":88,"column":7},"end":{"line":88,"column":72}},"type":"binary-expr","locations":[{"start":{"line":88,"column":7},"end":{"line":88,"column":21}},{"start":{"line":88,"column":25},"end":{"line":88,"column":72}}],"line":88},"5":{"loc":{"start":{"line":93,"column":7},"end":{"line":98,"column":7}},"type":"binary-expr","locations":[{"start":{"line":93,"column":7},"end":{"line":93,"column":18}},{"start":{"line":94,"column":8},"end":{"line":97,"column":10}}],"line":93}},"s":{"0":5,"1":5,"2":5,"3":5,"4":5,"5":5,"6":5,"7":2,"8":1,"9":1,"10":2,"11":2,"12":5,"13":0,"14":0,"15":0,"16":0,"17":0,"18":5,"19":0,"20":0,"21":0,"22":2},"f":{"0":5,"1":2,"2":1,"3":2,"4":0,"5":0,"6":0,"7":0,"8":0,"9":0},"b":{"0":[1,1],"1":[0,0],"2":[5,1],"3":[5,0],"4":[5,0],"5":[5,0]},"_coverageSchema":"1a1c01bbd47fc00a2c39e90264f33305004495a9","hash":"f1b802a0fe672ab79ea92d0b9510e5176075419e"}
,"/home/raeder/Meu-Time/Meu_Time/src/components/Lineups.jsx": {"path":"/home/raeder/Meu-Time/Meu_Time/src/components/Lineups.jsx","statementMap":{"0":{"start":{"line":5,"column":18},"end":{"line":5,"column":42}},"1":{"start":{"line":6,"column":2},"end":{"line":10,"column":4}},"2":{"start":{"line":13,"column":0},"end":{"line":15,"column":2}}},"fnMap":{"0":{"name":"Lineups","decl":{"start":{"line":4,"column":24},"end":{"line":4,"column":31}},"loc":{"start":{"line":4,"column":45},"end":{"line":11,"column":1}},"line":4}},"branchMap":{},"s":{"0":0,"1":0,"2":2},"f":{"0":0},"b":{},"_coverageSchema":"1a1c01bbd47fc00a2c39e90264f33305004495a9","hash":"12a5175dc9842e239f9505897f5609d0769c45e7"}
,"/home/raeder/Meu-Time/Meu_Time/src/components/PlayersInfo.jsx": {"path":"/home/raeder/Meu-Time/Meu_Time/src/components/PlayersInfo.jsx","statementMap":{"0":{"start":{"line":5,"column":18},"end":{"line":5,"column":52}},"1":{"start":{"line":6,"column":22},"end":{"line":10,"column":5}},"2":{"start":{"line":6,"column":79},"end":{"line":10,"column":3}},"3":{"start":{"line":11,"column":2},"end":{"line":15,"column":4}},"4":{"start":{"line":18,"column":0},"end":{"line":20,"column":2}}},"fnMap":{"0":{"name":"playersInfo","decl":{"start":{"line":4,"column":24},"end":{"line":4,"column":35}},"loc":{"start":{"line":4,"column":49},"end":{"line":16,"column":1}},"line":4},"1":{"name":"(anonymous_1)","decl":{"start":{"line":6,"column":34},"end":{"line":6,"column":35}},"loc":{"start":{"line":6,"column":79},"end":{"line":10,"column":3}},"line":6}},"branchMap":{},"s":{"0":1,"1":1,"2":3,"3":1,"4":2},"f":{"0":1,"1":3},"b":{},"_coverageSchema":"1a1c01bbd47fc00a2c39e90264f33305004495a9","hash":"06c406049c5650563c06a99afb58bbceb75d90de"}
,"/home/raeder/Meu-Time/Meu_Time/src/components/SelectOptions.jsx": {"path":"/home/raeder/Meu-Time/Meu_Time/src/components/SelectOptions.jsx","statementMap":{"0":{"start":{"line":9,"column":2},"end":{"line":32,"column":4}},"1":{"start":{"line":17,"column":47},"end":{"line":17,"column":66}},"2":{"start":{"line":24,"column":14},"end":{"line":26,"column":23}},"3":{"start":{"line":35,"column":0},"end":{"line":40,"column":2}}},"fnMap":{"0":{"name":"SelectOptions","decl":{"start":{"line":3,"column":24},"end":{"line":3,"column":37}},"loc":{"start":{"line":8,"column":3},"end":{"line":33,"column":1}},"line":8},"1":{"name":"(anonymous_1)","decl":{"start":{"line":17,"column":20},"end":{"line":17,"column":21}},"loc":{"start":{"line":17,"column":47},"end":{"line":17,"column":66}},"line":17},"2":{"name":"(anonymous_2)","decl":{"start":{"line":23,"column":22},"end":{"line":23,"column":23}},"loc":{"start":{"line":24,"column":14},"end":{"line":26,"column":23}},"line":24}},"branchMap":{"0":{"loc":{"start":{"line":22,"column":11},"end":{"line":27,"column":14}},"type":"binary-expr","locations":[{"start":{"line":22,"column":11},"end":{"line":22,"column":23}},{"start":{"line":23,"column":12},"end":{"line":27,"column":14}}],"line":22}},"s":{"0":72,"1":6,"2":107,"3":2},"f":{"0":72,"1":6,"2":107},"b":{"0":[72,43]},"_coverageSchema":"1a1c01bbd47fc00a2c39e90264f33305004495a9","hash":"7a787d524cbbbaf4605471e56855d6b259b8154f"}
,"/home/raeder/Meu-Time/Meu_Time/src/components/Statistics.jsx": {"path":"/home/raeder/Meu-Time/Meu_Time/src/components/Statistics.jsx","statementMap":{"0":{"start":{"line":5,"column":18},"end":{"line":5,"column":65}},"1":{"start":{"line":6,"column":41},"end":{"line":6,"column":51}},"2":{"start":{"line":7,"column":15},"end":{"line":14,"column":3}},"3":{"start":{"line":15,"column":2},"end":{"line":19,"column":4}},"4":{"start":{"line":22,"column":0},"end":{"line":37,"column":2}}},"fnMap":{"0":{"name":"Statistics","decl":{"start":{"line":4,"column":24},"end":{"line":4,"column":34}},"loc":{"start":{"line":4,"column":51},"end":{"line":20,"column":1}},"line":4}},"branchMap":{},"s":{"0":0,"1":0,"2":0,"3":0,"4":2},"f":{"0":0},"b":{},"_coverageSchema":"1a1c01bbd47fc00a2c39e90264f33305004495a9","hash":"b237ba16c7cd465c116ca4fb87f0838afab3b268"}
,"/home/raeder/Meu-Time/Meu_Time/src/components/Table.jsx": {"path":"/home/raeder/Meu-Time/Meu_Time/src/components/Table.jsx","statementMap":{"0":{"start":{"line":4,"column":2},"end":{"line":23,"column":4}},"1":{"start":{"line":9,"column":12},"end":{"line":9,"column":42}},"2":{"start":{"line":15,"column":10},"end":{"line":19,"column":15}},"3":{"start":{"line":17,"column":14},"end":{"line":17,"column":56}},"4":{"start":{"line":26,"column":0},"end":{"line":29,"column":2}}},"fnMap":{"0":{"name":"Table","decl":{"start":{"line":3,"column":24},"end":{"line":3,"column":29}},"loc":{"start":{"line":3,"column":50},"end":{"line":24,"column":1}},"line":3},"1":{"name":"(anonymous_1)","decl":{"start":{"line":8,"column":23},"end":{"line":8,"column":24}},"loc":{"start":{"line":9,"column":12},"end":{"line":9,"column":42}},"line":9},"2":{"name":"(anonymous_2)","decl":{"start":{"line":14,"column":19},"end":{"line":14,"column":20}},"loc":{"start":{"line":15,"column":10},"end":{"line":19,"column":15}},"line":15},"3":{"name":"(anonymous_3)","decl":{"start":{"line":16,"column":37},"end":{"line":16,"column":38}},"loc":{"start":{"line":17,"column":14},"end":{"line":17,"column":56}},"line":17}},"branchMap":{},"s":{"0":1,"1":3,"2":3,"3":9,"4":2},"f":{"0":1,"1":3,"2":3,"3":9},"b":{},"_coverageSchema":"1a1c01bbd47fc00a2c39e90264f33305004495a9","hash":"d8be493742ed49ed21905f828b56f8d3b97adb28"}
,"/home/raeder/Meu-Time/Meu_Time/src/pages/Login.jsx": {"path":"/home/raeder/Meu-Time/Meu_Time/src/pages/Login.jsx","statementMap":{"0":{"start":{"line":7,"column":30},"end":{"line":7,"column":42}},"1":{"start":{"line":8,"column":38},"end":{"line":8,"column":53}},"2":{"start":{"line":9,"column":18},"end":{"line":9,"column":30}},"3":{"start":{"line":11,"column":2},"end":{"line":15,"column":9}},"4":{"start":{"line":12,"column":4},"end":{"line":14,"column":5}},"5":{"start":{"line":13,"column":6},"end":{"line":13,"column":28}},"6":{"start":{"line":17,"column":23},"end":{"line":20,"column":3}},"7":{"start":{"line":18,"column":4},"end":{"line":18,"column":23}},"8":{"start":{"line":19,"column":4},"end":{"line":19,"column":54}},"9":{"start":{"line":22,"column":28},"end":{"line":31,"column":3}},"10":{"start":{"line":23,"column":4},"end":{"line":26,"column":5}},"11":{"start":{"line":24,"column":6},"end":{"line":24,"column":26}},"12":{"start":{"line":25,"column":6},"end":{"line":25,"column":49}},"13":{"start":{"line":27,"column":4},"end":{"line":27,"column":25}},"14":{"start":{"line":28,"column":4},"end":{"line":28,"column":57}},"15":{"start":{"line":29,"column":4},"end":{"line":29,"column":51}},"16":{"start":{"line":30,"column":4},"end":{"line":30,"column":26}},"17":{"start":{"line":33,"column":2},"end":{"line":45,"column":4}},"18":{"start":{"line":34,"column":27},"end":{"line":34,"column":42}},"19":{"start":{"line":38,"column":45},"end":{"line":38,"column":61}}},"fnMap":{"0":{"name":"Login","decl":{"start":{"line":6,"column":24},"end":{"line":6,"column":29}},"loc":{"start":{"line":6,"column":32},"end":{"line":46,"column":1}},"line":6},"1":{"name":"(anonymous_1)","decl":{"start":{"line":11,"column":12},"end":{"line":11,"column":13}},"loc":{"start":{"line":11,"column":18},"end":{"line":15,"column":3}},"line":11},"2":{"name":"(anonymous_2)","decl":{"start":{"line":17,"column":23},"end":{"line":17,"column":24}},"loc":{"start":{"line":17,"column":36},"end":{"line":20,"column":3}},"line":17},"3":{"name":"(anonymous_3)","decl":{"start":{"line":22,"column":28},"end":{"line":22,"column":29}},"loc":{"start":{"line":22,"column":43},"end":{"line":31,"column":3}},"line":22},"4":{"name":"(anonymous_4)","decl":{"start":{"line":34,"column":20},"end":{"line":34,"column":21}},"loc":{"start":{"line":34,"column":27},"end":{"line":34,"column":42}},"line":34},"5":{"name":"(anonymous_5)","decl":{"start":{"line":38,"column":18},"end":{"line":38,"column":19}},"loc":{"start":{"line":38,"column":45},"end":{"line":38,"column":61}},"line":38}},"branchMap":{"0":{"loc":{"start":{"line":12,"column":4},"end":{"line":14,"column":5}},"type":"if","locations":[{"start":{"line":12,"column":4},"end":{"line":14,"column":5}},{"start":{},"end":{}}],"line":12},"1":{"loc":{"start":{"line":23,"column":4},"end":{"line":26,"column":5}},"type":"if","locations":[{"start":{"line":23,"column":4},"end":{"line":26,"column":5}},{"start":{},"end":{}}],"line":23},"2":{"loc":{"start":{"line":43,"column":7},"end":{"line":43,"column":44}},"type":"binary-expr","locations":[{"start":{"line":43,"column":7},"end":{"line":43,"column":17}},{"start":{"line":43,"column":21},"end":{"line":43,"column":44}}],"line":43}},"s":{"0":104,"1":104,"2":104,"3":104,"4":6,"5":2,"6":104,"7":2,"8":2,"9":104,"10":2,"11":1,"12":1,"13":1,"14":1,"15":1,"16":1,"17":104,"18":2,"19":96},"f":{"0":104,"1":6,"2":2,"3":2,"4":2,"5":96},"b":{"0":[2,4],"1":[1,1],"2":[104,1]},"_coverageSchema":"1a1c01bbd47fc00a2c39e90264f33305004495a9","hash":"2499669a26cd31d0db7804491ac7d8a8a5050a62"}
,"/home/raeder/Meu-Time/Meu_Time/src/pages/Main.jsx": {"path":"/home/raeder/Meu-Time/Meu_Time/src/pages/Main.jsx","statementMap":{"0":{"start":{"line":12,"column":18},"end":{"line":12,"column":30}},"1":{"start":{"line":14,"column":30},"end":{"line":14,"column":42}},"2":{"start":{"line":15,"column":36},"end":{"line":15,"column":48}},"3":{"start":{"line":16,"column":48},"end":{"line":16,"column":60}},"4":{"start":{"line":17,"column":32},"end":{"line":17,"column":44}},"5":{"start":{"line":18,"column":47},"end":{"line":18,"column":59}},"6":{"start":{"line":19,"column":32},"end":{"line":19,"column":44}},"7":{"start":{"line":20,"column":46},"end":{"line":20,"column":58}},"8":{"start":{"line":21,"column":28},"end":{"line":21,"column":56}},"9":{"start":{"line":22,"column":42},"end":{"line":22,"column":54}},"10":{"start":{"line":24,"column":2},"end":{"line":38,"column":9}},"11":{"start":{"line":25,"column":22},"end":{"line":25,"column":52}},"12":{"start":{"line":26,"column":4},"end":{"line":28,"column":5}},"13":{"start":{"line":27,"column":6},"end":{"line":27,"column":24}},"14":{"start":{"line":29,"column":25},"end":{"line":35,"column":5}},"15":{"start":{"line":30,"column":6},"end":{"line":34,"column":8}},"16":{"start":{"line":32,"column":18},"end":{"line":32,"column":45}},"17":{"start":{"line":36,"column":4},"end":{"line":36,"column":19}},"18":{"start":{"line":37,"column":4},"end":{"line":37,"column":25}},"19":{"start":{"line":52,"column":2},"end":{"line":65,"column":24}},"20":{"start":{"line":53,"column":23},"end":{"line":63,"column":5}},"21":{"start":{"line":54,"column":23},"end":{"line":54,"column":60}},"22":{"start":{"line":55,"column":6},"end":{"line":62,"column":8}},"23":{"start":{"line":58,"column":10},"end":{"line":58,"column":71}},"24":{"start":{"line":58,"column":64},"end":{"line":58,"column":68}},"25":{"start":{"line":59,"column":10},"end":{"line":59,"column":36}},"26":{"start":{"line":64,"column":4},"end":{"line":64,"column":38}},"27":{"start":{"line":64,"column":25},"end":{"line":64,"column":38}},"28":{"start":{"line":67,"column":2},"end":{"line":78,"column":23}},"29":{"start":{"line":68,"column":21},"end":{"line":76,"column":5}},"30":{"start":{"line":69,"column":6},"end":{"line":75,"column":8}},"31":{"start":{"line":72,"column":10},"end":{"line":72,"column":34}},"32":{"start":{"line":77,"column":4},"end":{"line":77,"column":35}},"33":{"start":{"line":77,"column":24},"end":{"line":77,"column":35}},"34":{"start":{"line":80,"column":2},"end":{"line":128,"column":4}},"35":{"start":{"line":85,"column":39},"end":{"line":85,"column":76}},"36":{"start":{"line":92,"column":37},"end":{"line":92,"column":64}},"37":{"start":{"line":99,"column":46},"end":{"line":102,"column":11}},"38":{"start":{"line":109,"column":42},"end":{"line":112,"column":11}}},"fnMap":{"0":{"name":"Main","decl":{"start":{"line":11,"column":24},"end":{"line":11,"column":28}},"loc":{"start":{"line":11,"column":31},"end":{"line":129,"column":1}},"line":11},"1":{"name":"(anonymous_1)","decl":{"start":{"line":24,"column":12},"end":{"line":24,"column":13}},"loc":{"start":{"line":24,"column":18},"end":{"line":38,"column":3}},"line":24},"2":{"name":"(anonymous_2)","decl":{"start":{"line":29,"column":25},"end":{"line":29,"column":26}},"loc":{"start":{"line":29,"column":37},"end":{"line":35,"column":5}},"line":29},"3":{"name":"(anonymous_3)","decl":{"start":{"line":32,"column":8},"end":{"line":32,"column":9}},"loc":{"start":{"line":32,"column":18},"end":{"line":32,"column":45}},"line":32},"4":{"name":"(anonymous_4)","decl":{"start":{"line":52,"column":12},"end":{"line":52,"column":13}},"loc":{"start":{"line":52,"column":18},"end":{"line":65,"column":3}},"line":52},"5":{"name":"(anonymous_5)","decl":{"start":{"line":53,"column":23},"end":{"line":53,"column":24}},"loc":{"start":{"line":53,"column":35},"end":{"line":63,"column":5}},"line":53},"6":{"name":"(anonymous_6)","decl":{"start":{"line":57,"column":8},"end":{"line":57,"column":9}},"loc":{"start":{"line":57,"column":18},"end":{"line":60,"column":9}},"line":57},"7":{"name":"(anonymous_7)","decl":{"start":{"line":58,"column":50},"end":{"line":58,"column":51}},"loc":{"start":{"line":58,"column":64},"end":{"line":58,"column":68}},"line":58},"8":{"name":"(anonymous_8)","decl":{"start":{"line":67,"column":12},"end":{"line":67,"column":13}},"loc":{"start":{"line":67,"column":18},"end":{"line":78,"column":3}},"line":67},"9":{"name":"(anonymous_9)","decl":{"start":{"line":68,"column":21},"end":{"line":68,"column":22}},"loc":{"start":{"line":68,"column":33},"end":{"line":76,"column":5}},"line":68},"10":{"name":"(anonymous_10)","decl":{"start":{"line":71,"column":8},"end":{"line":71,"column":9}},"loc":{"start":{"line":71,"column":18},"end":{"line":73,"column":9}},"line":71},"11":{"name":"(anonymous_11)","decl":{"start":{"line":85,"column":31},"end":{"line":85,"column":32}},"loc":{"start":{"line":85,"column":39},"end":{"line":85,"column":76}},"line":85},"12":{"name":"(anonymous_12)","decl":{"start":{"line":92,"column":29},"end":{"line":92,"column":30}},"loc":{"start":{"line":92,"column":37},"end":{"line":92,"column":64}},"line":92},"13":{"name":"(anonymous_13)","decl":{"start":{"line":99,"column":29},"end":{"line":99,"column":30}},"loc":{"start":{"line":99,"column":46},"end":{"line":102,"column":11}},"line":99},"14":{"name":"(anonymous_14)","decl":{"start":{"line":109,"column":27},"end":{"line":109,"column":28}},"loc":{"start":{"line":109,"column":42},"end":{"line":112,"column":11}},"line":109}},"branchMap":{"0":{"loc":{"start":{"line":26,"column":4},"end":{"line":28,"column":5}},"type":"if","locations":[{"start":{"line":26,"column":4},"end":{"line":28,"column":5}},{"start":{},"end":{}}],"line":26},"1":{"loc":{"start":{"line":64,"column":4},"end":{"line":64,"column":38}},"type":"if","locations":[{"start":{"line":64,"column":4},"end":{"line":64,"column":38}},{"start":{},"end":{}}],"line":64},"2":{"loc":{"start":{"line":77,"column":4},"end":{"line":77,"column":35}},"type":"if","locations":[{"start":{"line":77,"column":4},"end":{"line":77,"column":35}},{"start":{},"end":{}}],"line":77},"3":{"loc":{"start":{"line":119,"column":7},"end":{"line":126,"column":7}},"type":"binary-expr","locations":[{"start":{"line":119,"column":7},"end":{"line":119,"column":19}},{"start":{"line":120,"column":8},"end":{"line":125,"column":10}}],"line":119}},"s":{"0":20,"1":18,"2":18,"3":18,"4":18,"5":18,"6":18,"7":18,"8":18,"9":18,"10":18,"11":3,"12":3,"13":0,"14":3,"15":3,"16":3,"17":3,"18":3,"19":18,"20":5,"21":2,"22":2,"23":2,"24":2,"25":1,"26":5,"27":2,"28":18,"29":4,"30":1,"31":1,"32":4,"33":1,"34":18,"35":48,"36":14,"37":6,"38":39},"f":{"0":20,"1":3,"2":3,"3":3,"4":5,"5":2,"6":2,"7":2,"8":4,"9":1,"10":1,"11":48,"12":14,"13":6,"14":39},"b":{"0":[0,3],"1":[2,3],"2":[1,3],"3":[18,2]},"_coverageSchema":"1a1c01bbd47fc00a2c39e90264f33305004495a9","hash":"4b39e9cb08020560685c7815c8c3381131d4de1b"}
,"/home/raeder/Meu-Time/Meu_Time/src/pages/mock.js": {"path":"/home/raeder/Meu-Time/Meu_Time/src/pages/mock.js","statementMap":{"0":{"start":{"line":1,"column":25},"end":{"line":55,"column":1}},"1":{"start":{"line":57,"column":27},"end":{"line":166,"column":1}},"2":{"start":{"line":168,"column":31},"end":{"line":433,"column":1}}},"fnMap":{},"branchMap":{},"s":{"0":2,"1":2,"2":2},"f":{},"b":{},"_coverageSchema":"1a1c01bbd47fc00a2c39e90264f33305004495a9","hash":"a9db6950feb70ceeb4b0e8041311010b48730356"}
,"/home/raeder/Meu-Time/Meu_Time/src/utils/fetchAPI.js": {"path":"/home/raeder/Meu-Time/Meu_Time/src/utils/fetchAPI.js","statementMap":{"0":{"start":{"line":1,"column":13},"end":{"line":1,"column":40}},"1":{"start":{"line":4,"column":2},"end":{"line":10,"column":3}},"2":{"start":{"line":5,"column":21},"end":{"line":5,"column":68}},"3":{"start":{"line":6,"column":17},"end":{"line":6,"column":38}},"4":{"start":{"line":7,"column":4},"end":{"line":7,"column":19}},"5":{"start":{"line":9,"column":4},"end":{"line":9,"column":23}}},"fnMap":{"0":{"name":"fetchAPI","decl":{"start":{"line":3,"column":30},"end":{"line":3,"column":38}},"loc":{"start":{"line":3,"column":64},"end":{"line":11,"column":1}},"line":3}},"branchMap":{},"s":{"0":2,"1":9,"2":9,"3":9,"4":9,"5":1},"f":{"0":9},"b":{},"_coverageSchema":"1a1c01bbd47fc00a2c39e90264f33305004495a9","hash":"b8f8e738356c4b531eb4f5411540713034cf0953"}
,"/home/raeder/Meu-Time/Meu_Time/src/utils/getAPI.js": {"path":"/home/raeder/Meu-Time/Meu_Time/src/utils/getAPI.js","statementMap":{"0":{"start":{"line":4,"column":18},"end":{"line":9,"column":3}},"1":{"start":{"line":10,"column":2},"end":{"line":10,"column":42}}},"fnMap":{"0":{"name":"getAPI","decl":{"start":{"line":3,"column":30},"end":{"line":3,"column":36}},"loc":{"start":{"line":3,"column":61},"end":{"line":11,"column":1}},"line":3}},"branchMap":{},"s":{"0":9,"1":9},"f":{"0":9},"b":{},"_coverageSchema":"1a1c01bbd47fc00a2c39e90264f33305004495a9","hash":"42c7bd3373a797400f1eea208f937e4ef3ea0608"}
,"/home/raeder/Meu-Time/Meu_Time/src/utils/localStorage.js": {"path":"/home/raeder/Meu-Time/Meu_Time/src/utils/localStorage.js","statementMap":{"0":{"start":{"line":1,"column":16},"end":{"line":3,"column":1}},"1":{"start":{"line":2,"column":2},"end":{"line":2,"column":50}},"2":{"start":{"line":5,"column":16},"end":{"line":5,"column":72}},"3":{"start":{"line":5,"column":25},"end":{"line":5,"column":72}},"4":{"start":{"line":7,"column":24},"end":{"line":10,"column":1}},"5":{"start":{"line":8,"column":2},"end":{"line":8,"column":38}},"6":{"start":{"line":8,"column":21},"end":{"line":8,"column":38}},"7":{"start":{"line":9,"column":2},"end":{"line":9,"column":22}}},"fnMap":{"0":{"name":"(anonymous_0)","decl":{"start":{"line":1,"column":16},"end":{"line":1,"column":17}},"loc":{"start":{"line":1,"column":31},"end":{"line":3,"column":1}},"line":1},"1":{"name":"(anonymous_1)","decl":{"start":{"line":5,"column":16},"end":{"line":5,"column":17}},"loc":{"start":{"line":5,"column":25},"end":{"line":5,"column":72}},"line":5},"2":{"name":"(anonymous_2)","decl":{"start":{"line":7,"column":24},"end":{"line":7,"column":25}},"loc":{"start":{"line":7,"column":40},"end":{"line":10,"column":1}},"line":7}},"branchMap":{"0":{"loc":{"start":{"line":5,"column":36},"end":{"line":5,"column":71}},"type":"binary-expr","locations":[{"start":{"line":5,"column":36},"end":{"line":5,"column":61}},{"start":{"line":5,"column":65},"end":{"line":5,"column":71}}],"line":5},"1":{"loc":{"start":{"line":8,"column":2},"end":{"line":8,"column":38}},"type":"if","locations":[{"start":{"line":8,"column":2},"end":{"line":8,"column":38}},{"start":{},"end":{}}],"line":8}},"s":{"0":2,"1":10,"2":2,"3":18,"4":2,"5":6,"6":4,"7":6},"f":{"0":10,"1":18,"2":6},"b":{"0":[18,8],"1":[4,2]},"_coverageSchema":"1a1c01bbd47fc00a2c39e90264f33305004495a9","hash":"9557fc3d3be1def72b849306856101297391139a"}
}
