TN:
SF:src/App.jsx
FN:7,App
FNF:1
FNH:1
FNDA:11,App
DA:8,11
LF:1
LH:1
BRF:0
BRH:0
end_of_record
TN:
SF:src/main.jsx
FNF:0
FNH:0
DA:7,0
LF:1
LH:0
BRF:0
BRH:0
end_of_record
TN:
SF:src/components/Chart.jsx
FN:34,BarChart
FN:41,(anonymous_1)
FN:48,(anonymous_2)
FNF:3
FNH:0
FNDA:0,BarChart
FNDA:0,(anonymous_1)
FNDA:0,(anonymous_2)
DA:13,3
DA:22,3
DA:35,0
DA:36,0
DA:41,0
DA:48,0
DA:55,0
DA:58,3
LF:8
LH:3
BRF:0
BRH:0
end_of_record
TN:
SF:src/components/Header.jsx
FN:5,Header
FN:9,(anonymous_1)
FN:16,(anonymous_2)
FNF:3
FNH:3
FNDA:24,Header
FNDA:5,(anonymous_1)
FNDA:1,(anonymous_2)
DA:6,24
DA:7,24
DA:9,24
DA:12,5
DA:13,5
DA:16,24
DA:17,1
DA:18,1
DA:19,1
DA:22,24
LF:10
LH:10
BRF:0
BRH:0
end_of_record
TN:
SF:src/components/Information.jsx
FN:11,Information
FN:19,(anonymous_1)
FN:23,(anonymous_2)
FN:29,(anonymous_3)
FN:32,(anonymous_4)
FN:36,(anonymous_5)
FN:42,(anonymous_6)
FN:76,(anonymous_7)
FN:84,(anonymous_8)
FN:90,(anonymous_9)
FNF:10
FNH:4
FNDA:5,Information
FNDA:2,(anonymous_1)
FNDA:1,(anonymous_2)
FNDA:2,(anonymous_3)
FNDA:0,(anonymous_4)
FNDA:0,(anonymous_5)
FNDA:0,(anonymous_6)
FNDA:0,(anonymous_7)
FNDA:0,(anonymous_8)
FNDA:0,(anonymous_9)
DA:12,5
DA:13,5
DA:14,5
DA:15,5
DA:16,5
DA:17,5
DA:19,5
DA:20,2
DA:21,1
DA:24,1
DA:29,2
DA:32,5
DA:33,0
DA:34,0
DA:37,0
DA:42,0
DA:67,5
DA:76,0
DA:84,0
DA:90,0
DA:103,3
LF:21
LH:14
BRDA:20,0,0,1
BRDA:20,0,1,1
BRDA:33,1,0,0
BRDA:33,1,1,0
BRDA:72,2,0,5
BRDA:72,2,1,1
BRDA:80,3,0,5
BRDA:80,3,1,0
BRDA:88,4,0,5
BRDA:88,4,1,0
BRDA:93,5,0,5
BRDA:93,5,1,0
BRF:12
BRH:7
end_of_record
TN:
SF:src/components/Lineups.jsx
FN:4,Lineups
FNF:1
FNH:0
FNDA:0,Lineups
DA:5,0
DA:6,0
DA:13,3
LF:3
LH:1
BRF:0
BRH:0
end_of_record
TN:
SF:src/components/PlayersInfo.jsx
FN:4,playersInfo
FN:6,(anonymous_1)
FNF:2
FNH:2
FNDA:1,playersInfo
FNDA:3,(anonymous_1)
DA:5,1
DA:6,3
DA:11,1
DA:18,3
LF:4
LH:4
BRF:0
BRH:0
end_of_record
TN:
SF:src/components/SelectOptions.jsx
FN:3,SelectOptions
FN:17,(anonymous_1)
FN:23,(anonymous_2)
FNF:3
FNH:3
FNDA:96,SelectOptions
FNDA:6,(anonymous_1)
FNDA:85,(anonymous_2)
DA:9,96
DA:17,6
DA:24,85
DA:35,3
LF:4
LH:4
BRDA:22,0,0,96
BRDA:22,0,1,30
BRF:2
BRH:2
end_of_record
TN:
SF:src/components/Statistics.jsx
FN:4,Statistics
FNF:1
FNH:0
FNDA:0,Statistics
DA:5,0
DA:6,0
DA:7,0
DA:15,0
DA:22,3
LF:5
LH:1
BRF:0
BRH:0
end_of_record
TN:
SF:src/components/Table.jsx
FN:3,Table
FN:8,(anonymous_1)
FN:14,(anonymous_2)
FN:16,(anonymous_3)
FNF:4
FNH:4
FNDA:1,Table
FNDA:3,(anonymous_1)
FNDA:3,(anonymous_2)
FNDA:9,(anonymous_3)
DA:4,1
DA:9,3
DA:15,3
DA:17,9
DA:26,3
LF:5
LH:5
BRF:0
BRH:0
end_of_record
TN:
SF:src/pages/Login.jsx
FN:6,Login
FN:11,(anonymous_1)
FN:17,(anonymous_2)
FN:22,(anonymous_3)
FN:34,(anonymous_4)
FN:38,(anonymous_5)
FNF:6
FNH:6
FNDA:107,Login
FNDA:9,(anonymous_1)
FNDA:2,(anonymous_2)
FNDA:2,(anonymous_3)
FNDA:2,(anonymous_4)
FNDA:96,(anonymous_5)
DA:7,107
DA:8,107
DA:9,107
DA:11,107
DA:12,9
DA:13,4
DA:17,107
DA:18,2
DA:19,2
DA:22,107
DA:23,2
DA:24,1
DA:25,1
DA:27,1
DA:28,1
DA:29,1
DA:30,1
DA:33,107
DA:34,2
DA:38,96
LF:20
LH:20
BRDA:12,0,0,4
BRDA:12,0,1,5
BRDA:23,1,0,1
BRDA:23,1,1,1
BRDA:43,2,0,107
BRDA:43,2,1,1
BRF:6
BRH:6
end_of_record
TN:
SF:src/pages/Main.jsx
FN:10,Main
FN:23,(anonymous_1)
FN:28,(anonymous_2)
FN:31,(anonymous_3)
FN:39,(anonymous_4)
FN:40,(anonymous_5)
FN:44,(anonymous_6)
FN:45,(anonymous_7)
FN:54,(anonymous_8)
FN:55,(anonymous_9)
FN:58,(anonymous_10)
FN:72,(anonymous_11)
FN:79,(anonymous_12)
FN:86,(anonymous_13)
FN:96,(anonymous_14)
FNF:15
FNH:15
FNDA:27,Main
FNDA:5,(anonymous_1)
FNDA:5,(anonymous_2)
FNDA:5,(anonymous_3)
FNDA:7,(anonymous_4)
FNDA:2,(anonymous_5)
FNDA:2,(anonymous_6)
FNDA:2,(anonymous_7)
FNDA:6,(anonymous_8)
FNDA:1,(anonymous_9)
FNDA:1,(anonymous_10)
FNDA:56,(anonymous_11)
FNDA:14,(anonymous_12)
FNDA:6,(anonymous_13)
FNDA:9,(anonymous_14)
DA:11,27
DA:13,24
DA:14,24
DA:15,24
DA:16,24
DA:17,24
DA:18,24
DA:19,24
DA:20,24
DA:21,24
DA:23,24
DA:24,5
DA:25,5
DA:26,0
DA:28,5
DA:29,5
DA:31,5
DA:35,5
DA:36,5
DA:39,24
DA:40,7
DA:41,2
DA:42,2
DA:45,2
DA:46,1
DA:51,7
DA:54,24
DA:55,6
DA:56,1
DA:59,1
DA:64,6
DA:67,24
DA:72,56
DA:79,14
DA:86,6
DA:96,9
LF:36
LH:35
BRDA:25,0,0,0
BRDA:25,0,1,5
BRDA:51,1,0,2
BRDA:51,1,1,5
BRDA:64,2,0,1
BRDA:64,2,1,5
BRDA:106,3,0,24
BRDA:106,3,1,2
BRF:8
BRH:7
end_of_record
TN:
SF:src/utils/fetchAPI.js
FN:3,fetchAPI
FNF:1
FNH:1
FNDA:11,fetchAPI
DA:1,3
DA:4,11
DA:5,11
DA:6,11
DA:7,11
DA:9,1
LF:6
LH:6
BRF:0
BRH:0
end_of_record
TN:
SF:src/utils/getAPI.js
FN:3,getAPI
FNF:1
FNH:1
FNDA:11,getAPI
DA:4,11
DA:10,11
LF:2
LH:2
BRF:0
BRH:0
end_of_record
TN:
SF:src/utils/localStorage.js
FN:1,(anonymous_0)
FN:5,(anonymous_1)
FN:7,(anonymous_2)
FNF:3
FNH:3
FNDA:16,(anonymous_0)
FNDA:29,(anonymous_1)
FNDA:10,(anonymous_2)
DA:1,3
DA:2,16
DA:5,29
DA:7,3
DA:8,10
DA:9,10
LF:6
LH:6
BRDA:5,0,0,29
BRDA:5,0,1,11
BRDA:8,1,0,6
BRDA:8,1,1,4
BRF:4
BRH:4
end_of_record
