TN:
SF:src/App.jsx
FN:7,App
FNF:1
FNH:1
FNDA:8,App
DA:8,8
LF:1
LH:1
BRF:0
BRH:0
end_of_record
TN:
SF:src/main.jsx
FNF:0
FNH:0
DA:7,0
LF:1
LH:0
BRF:0
BRH:0
end_of_record
TN:
SF:src/components/Chart.jsx
FN:34,BarChart
FN:41,(anonymous_1)
FN:48,(anonymous_2)
FNF:3
FNH:0
FNDA:0,BarChart
FNDA:0,(anonymous_1)
FNDA:0,(anonymous_2)
DA:13,2
DA:22,2
DA:35,0
DA:36,0
DA:41,0
DA:48,0
DA:55,0
DA:58,2
LF:8
LH:3
BRF:0
BRH:0
end_of_record
TN:
SF:src/components/Header.jsx
FN:5,Header
FN:9,(anonymous_1)
FN:16,(anonymous_2)
FNF:3
FNH:2
FNDA:18,Header
FNDA:3,(anonymous_1)
FNDA:0,(anonymous_2)
DA:6,18
DA:7,18
DA:9,18
DA:12,3
DA:13,3
DA:16,18
DA:17,0
DA:18,0
DA:19,0
DA:22,18
LF:10
LH:7
BRF:0
BRH:0
end_of_record
TN:
SF:src/components/Information.jsx
FN:11,Information
FN:19,(anonymous_1)
FN:23,(anonymous_2)
FN:29,(anonymous_3)
FN:32,(anonymous_4)
FN:36,(anonymous_5)
FN:42,(anonymous_6)
FN:76,(anonymous_7)
FN:84,(anonymous_8)
FN:90,(anonymous_9)
FNF:10
FNH:4
FNDA:5,Information
FNDA:2,(anonymous_1)
FNDA:1,(anonymous_2)
FNDA:2,(anonymous_3)
FNDA:0,(anonymous_4)
FNDA:0,(anonymous_5)
FNDA:0,(anonymous_6)
FNDA:0,(anonymous_7)
FNDA:0,(anonymous_8)
FNDA:0,(anonymous_9)
DA:12,5
DA:13,5
DA:14,5
DA:15,5
DA:16,5
DA:17,5
DA:19,5
DA:20,2
DA:21,1
DA:24,1
DA:29,2
DA:32,5
DA:33,0
DA:34,0
DA:37,0
DA:42,0
DA:67,5
DA:76,0
DA:84,0
DA:90,0
DA:103,2
LF:21
LH:14
BRDA:20,0,0,1
BRDA:20,0,1,1
BRDA:33,1,0,0
BRDA:33,1,1,0
BRDA:72,2,0,5
BRDA:72,2,1,1
BRDA:80,3,0,5
BRDA:80,3,1,0
BRDA:88,4,0,5
BRDA:88,4,1,0
BRDA:93,5,0,5
BRDA:93,5,1,0
BRF:12
BRH:7
end_of_record
TN:
SF:src/components/Lineups.jsx
FN:4,Lineups
FNF:1
FNH:0
FNDA:0,Lineups
DA:5,0
DA:6,0
DA:13,2
LF:3
LH:1
BRF:0
BRH:0
end_of_record
TN:
SF:src/components/PlayersInfo.jsx
FN:4,playersInfo
FN:6,(anonymous_1)
FNF:2
FNH:2
FNDA:1,playersInfo
FNDA:3,(anonymous_1)
DA:5,1
DA:6,3
DA:11,1
DA:18,2
LF:4
LH:4
BRF:0
BRH:0
end_of_record
TN:
SF:src/components/SelectOptions.jsx
FN:3,SelectOptions
FN:17,(anonymous_1)
FN:23,(anonymous_2)
FNF:3
FNH:3
FNDA:72,SelectOptions
FNDA:6,(anonymous_1)
FNDA:107,(anonymous_2)
DA:9,72
DA:17,6
DA:24,107
DA:35,2
LF:4
LH:4
BRDA:22,0,0,72
BRDA:22,0,1,43
BRF:2
BRH:2
end_of_record
TN:
SF:src/components/Statistics.jsx
FN:4,Statistics
FNF:1
FNH:0
FNDA:0,Statistics
DA:5,0
DA:6,0
DA:7,0
DA:15,0
DA:22,2
LF:5
LH:1
BRF:0
BRH:0
end_of_record
TN:
SF:src/components/Table.jsx
FN:3,Table
FN:8,(anonymous_1)
FN:14,(anonymous_2)
FN:16,(anonymous_3)
FNF:4
FNH:4
FNDA:1,Table
FNDA:3,(anonymous_1)
FNDA:3,(anonymous_2)
FNDA:9,(anonymous_3)
DA:4,1
DA:9,3
DA:15,3
DA:17,9
DA:26,2
LF:5
LH:5
BRF:0
BRH:0
end_of_record
TN:
SF:src/pages/Login.jsx
FN:6,Login
FN:11,(anonymous_1)
FN:17,(anonymous_2)
FN:22,(anonymous_3)
FN:34,(anonymous_4)
FN:38,(anonymous_5)
FNF:6
FNH:6
FNDA:104,Login
FNDA:6,(anonymous_1)
FNDA:2,(anonymous_2)
FNDA:2,(anonymous_3)
FNDA:2,(anonymous_4)
FNDA:96,(anonymous_5)
DA:7,104
DA:8,104
DA:9,104
DA:11,104
DA:12,6
DA:13,2
DA:17,104
DA:18,2
DA:19,2
DA:22,104
DA:23,2
DA:24,1
DA:25,1
DA:27,1
DA:28,1
DA:29,1
DA:30,1
DA:33,104
DA:34,2
DA:38,96
LF:20
LH:20
BRDA:12,0,0,2
BRDA:12,0,1,4
BRDA:23,1,0,1
BRDA:23,1,1,1
BRDA:43,2,0,104
BRDA:43,2,1,1
BRF:6
BRH:6
end_of_record
TN:
SF:src/pages/Main.jsx
FN:11,Main
FN:24,(anonymous_1)
FN:29,(anonymous_2)
FN:32,(anonymous_3)
FN:52,(anonymous_4)
FN:53,(anonymous_5)
FN:57,(anonymous_6)
FN:58,(anonymous_7)
FN:67,(anonymous_8)
FN:68,(anonymous_9)
FN:71,(anonymous_10)
FN:85,(anonymous_11)
FN:92,(anonymous_12)
FN:99,(anonymous_13)
FN:109,(anonymous_14)
FNF:15
FNH:15
FNDA:20,Main
FNDA:3,(anonymous_1)
FNDA:3,(anonymous_2)
FNDA:3,(anonymous_3)
FNDA:5,(anonymous_4)
FNDA:2,(anonymous_5)
FNDA:2,(anonymous_6)
FNDA:2,(anonymous_7)
FNDA:4,(anonymous_8)
FNDA:1,(anonymous_9)
FNDA:1,(anonymous_10)
FNDA:48,(anonymous_11)
FNDA:14,(anonymous_12)
FNDA:6,(anonymous_13)
FNDA:39,(anonymous_14)
DA:12,20
DA:14,18
DA:15,18
DA:16,18
DA:17,18
DA:18,18
DA:19,18
DA:20,18
DA:21,18
DA:22,18
DA:24,18
DA:25,3
DA:26,3
DA:27,0
DA:29,3
DA:30,3
DA:32,3
DA:36,3
DA:37,3
DA:52,18
DA:53,5
DA:54,2
DA:55,2
DA:58,2
DA:59,1
DA:64,5
DA:67,18
DA:68,4
DA:69,1
DA:72,1
DA:77,4
DA:80,18
DA:85,48
DA:92,14
DA:99,6
DA:109,39
LF:36
LH:35
BRDA:26,0,0,0
BRDA:26,0,1,3
BRDA:64,1,0,2
BRDA:64,1,1,3
BRDA:77,2,0,1
BRDA:77,2,1,3
BRDA:119,3,0,18
BRDA:119,3,1,2
BRF:8
BRH:7
end_of_record
TN:
SF:src/pages/mock.js
FNF:0
FNH:0
DA:1,2
DA:57,2
DA:168,2
LF:3
LH:3
BRF:0
BRH:0
end_of_record
TN:
SF:src/utils/fetchAPI.js
FN:3,fetchAPI
FNF:1
FNH:1
FNDA:9,fetchAPI
DA:1,2
DA:4,9
DA:5,9
DA:6,9
DA:7,9
DA:9,1
LF:6
LH:6
BRF:0
BRH:0
end_of_record
TN:
SF:src/utils/getAPI.js
FN:3,getAPI
FNF:1
FNH:1
FNDA:9,getAPI
DA:4,9
DA:10,9
LF:2
LH:2
BRF:0
BRH:0
end_of_record
TN:
SF:src/utils/localStorage.js
FN:1,(anonymous_0)
FN:5,(anonymous_1)
FN:7,(anonymous_2)
FNF:3
FNH:3
FNDA:10,(anonymous_0)
FNDA:18,(anonymous_1)
FNDA:6,(anonymous_2)
DA:1,2
DA:2,10
DA:5,18
DA:7,2
DA:8,6
DA:9,6
LF:6
LH:6
BRDA:5,0,0,18
BRDA:5,0,1,8
BRDA:8,1,0,4
BRDA:8,1,1,2
BRF:4
BRH:4
end_of_record
