<?xml version="1.0" encoding="UTF-8"?>
<coverage generated="1685128013428" clover="3.2.0">
  <project timestamp="1685128013428" name="All files">
    <metrics statements="152" coveredstatements="126" conditionals="52" coveredconditionals="35" methods="58" coveredmethods="45" elements="262" coveredelements="206" complexity="0" loc="152" ncloc="152" packages="4" files="16" classes="16"/>
    <package name="src">
      <metrics statements="2" coveredstatements="1" conditionals="0" coveredconditionals="0" methods="1" coveredmethods="1"/>
      <file name="App.jsx" path="/home/raeder/Meu-Time/app/src/App.jsx">
        <metrics statements="1" coveredstatements="1" conditionals="0" coveredconditionals="0" methods="1" coveredmethods="1"/>
        <line num="8" count="11" type="stmt"/>
      </file>
      <file name="main.jsx" path="/home/raeder/Meu-Time/app/src/main.jsx">
        <metrics statements="1" coveredstatements="0" conditionals="0" coveredconditionals="0" methods="0" coveredmethods="0"/>
        <line num="7" count="0" type="stmt"/>
      </file>
    </package>
    <package name="src.components">
      <metrics statements="72" coveredstatements="49" conditionals="26" coveredconditionals="13" methods="30" coveredmethods="18"/>
      <file name="Chart.jsx" path="/home/raeder/Meu-Time/app/src/components/Chart.jsx">
        <metrics statements="8" coveredstatements="3" conditionals="0" coveredconditionals="0" methods="3" coveredmethods="0"/>
        <line num="13" count="3" type="stmt"/>
        <line num="15" count="3" type="stmt"/>
        <line num="28" count="0" type="stmt"/>
        <line num="29" count="0" type="stmt"/>
        <line num="34" count="0" type="stmt"/>
        <line num="41" count="0" type="stmt"/>
        <line num="48" count="0" type="stmt"/>
        <line num="55" count="3" type="stmt"/>
      </file>
      <file name="Header.jsx" path="/home/raeder/Meu-Time/app/src/components/Header.jsx">
        <metrics statements="10" coveredstatements="10" conditionals="0" coveredconditionals="0" methods="3" coveredmethods="3"/>
        <line num="6" count="35" type="stmt"/>
        <line num="7" count="35" type="stmt"/>
        <line num="9" count="35" type="stmt"/>
        <line num="12" count="5" type="stmt"/>
        <line num="13" count="5" type="stmt"/>
        <line num="16" count="35" type="stmt"/>
        <line num="17" count="1" type="stmt"/>
        <line num="18" count="1" type="stmt"/>
        <line num="19" count="1" type="stmt"/>
        <line num="22" count="35" type="stmt"/>
      </file>
      <file name="Information.jsx" path="/home/raeder/Meu-Time/app/src/components/Information.jsx">
        <metrics statements="31" coveredstatements="19" conditionals="24" coveredconditionals="11" methods="12" coveredmethods="5"/>
        <line num="10" count="7" type="stmt"/>
        <line num="11" count="7" type="stmt"/>
        <line num="12" count="7" type="stmt"/>
        <line num="13" count="7" type="stmt"/>
        <line num="14" count="7" type="stmt"/>
        <line num="15" count="7" type="stmt"/>
        <line num="18" count="7" type="stmt"/>
        <line num="19" count="2" type="cond" truecount="2" falsecount="0"/>
        <line num="20" count="1" type="stmt"/>
        <line num="21" count="1" type="stmt"/>
        <line num="24" count="1" type="stmt"/>
        <line num="25" count="1" type="cond" truecount="1" falsecount="1"/>
        <line num="26" count="1" type="stmt"/>
        <line num="27" count="1" type="stmt"/>
        <line num="33" count="2" type="cond" truecount="2" falsecount="0"/>
        <line num="34" count="2" type="cond" truecount="1" falsecount="1"/>
        <line num="37" count="7" type="stmt"/>
        <line num="38" count="0" type="cond" truecount="0" falsecount="2"/>
        <line num="39" count="0" type="stmt"/>
        <line num="40" count="0" type="stmt"/>
        <line num="43" count="0" type="cond" truecount="0" falsecount="2"/>
        <line num="44" count="0" type="stmt"/>
        <line num="45" count="0" type="stmt"/>
        <line num="47" count="0" type="stmt"/>
        <line num="52" count="0" type="cond" truecount="0" falsecount="2"/>
        <line num="53" count="0" type="cond" truecount="0" falsecount="2"/>
        <line num="56" count="7" type="stmt"/>
        <line num="63" count="0" type="stmt"/>
        <line num="68" count="0" type="stmt"/>
        <line num="73" count="0" type="stmt"/>
        <line num="86" count="3" type="stmt"/>
      </file>
      <file name="Lineups.jsx" path="/home/raeder/Meu-Time/app/src/components/Lineups.jsx">
        <metrics statements="3" coveredstatements="1" conditionals="0" coveredconditionals="0" methods="1" coveredmethods="0"/>
        <line num="5" count="0" type="stmt"/>
        <line num="6" count="0" type="stmt"/>
        <line num="13" count="3" type="stmt"/>
      </file>
      <file name="Loading.jsx" path="/home/raeder/Meu-Time/app/src/components/Loading.jsx">
        <metrics statements="2" coveredstatements="2" conditionals="0" coveredconditionals="0" methods="1" coveredmethods="1"/>
        <line num="4" count="22" type="stmt"/>
        <line num="18" count="3" type="stmt"/>
      </file>
      <file name="PlayersInfo.jsx" path="/home/raeder/Meu-Time/app/src/components/PlayersInfo.jsx">
        <metrics statements="4" coveredstatements="4" conditionals="0" coveredconditionals="0" methods="2" coveredmethods="2"/>
        <line num="5" count="2" type="stmt"/>
        <line num="6" count="6" type="stmt"/>
        <line num="11" count="2" type="stmt"/>
        <line num="18" count="3" type="stmt"/>
      </file>
      <file name="SelectOptions.jsx" path="/home/raeder/Meu-Time/app/src/components/SelectOptions.jsx">
        <metrics statements="4" coveredstatements="4" conditionals="2" coveredconditionals="2" methods="3" coveredmethods="3"/>
        <line num="4" count="140" type="stmt"/>
        <line num="10" count="6" type="stmt"/>
        <line num="16" count="153" type="stmt"/>
        <line num="25" count="3" type="stmt"/>
      </file>
      <file name="Statistics.jsx" path="/home/raeder/Meu-Time/app/src/components/Statistics.jsx">
        <metrics statements="5" coveredstatements="1" conditionals="0" coveredconditionals="0" methods="1" coveredmethods="0"/>
        <line num="5" count="0" type="stmt"/>
        <line num="6" count="0" type="stmt"/>
        <line num="7" count="0" type="stmt"/>
        <line num="15" count="0" type="stmt"/>
        <line num="22" count="3" type="stmt"/>
      </file>
      <file name="Table.jsx" path="/home/raeder/Meu-Time/app/src/components/Table.jsx">
        <metrics statements="5" coveredstatements="5" conditionals="0" coveredconditionals="0" methods="4" coveredmethods="4"/>
        <line num="4" count="2" type="stmt"/>
        <line num="9" count="6" type="stmt"/>
        <line num="15" count="6" type="stmt"/>
        <line num="17" count="18" type="stmt"/>
        <line num="26" count="3" type="stmt"/>
      </file>
    </package>
    <package name="src.pages">
      <metrics statements="64" coveredstatements="62" conditionals="22" coveredconditionals="18" methods="22" coveredmethods="21"/>
      <file name="Login.jsx" path="/home/raeder/Meu-Time/app/src/pages/Login.jsx">
        <metrics statements="20" coveredstatements="20" conditionals="6" coveredconditionals="6" methods="6" coveredmethods="6"/>
        <line num="7" count="107" type="stmt"/>
        <line num="8" count="107" type="stmt"/>
        <line num="9" count="107" type="stmt"/>
        <line num="11" count="107" type="stmt"/>
        <line num="12" count="9" type="cond" truecount="2" falsecount="0"/>
        <line num="13" count="4" type="stmt"/>
        <line num="17" count="107" type="stmt"/>
        <line num="18" count="2" type="stmt"/>
        <line num="19" count="2" type="stmt"/>
        <line num="22" count="107" type="stmt"/>
        <line num="23" count="2" type="cond" truecount="2" falsecount="0"/>
        <line num="24" count="1" type="stmt"/>
        <line num="25" count="1" type="stmt"/>
        <line num="27" count="1" type="stmt"/>
        <line num="28" count="1" type="stmt"/>
        <line num="29" count="1" type="stmt"/>
        <line num="30" count="1" type="stmt"/>
        <line num="33" count="107" type="stmt"/>
        <line num="34" count="2" type="stmt"/>
        <line num="37" count="96" type="stmt"/>
      </file>
      <file name="Main.jsx" path="/home/raeder/Meu-Time/app/src/pages/Main.jsx">
        <metrics statements="44" coveredstatements="42" conditionals="16" coveredconditionals="12" methods="16" coveredmethods="15"/>
        <line num="11" count="39" type="stmt"/>
        <line num="13" count="36" type="stmt"/>
        <line num="15" count="36" type="stmt"/>
        <line num="16" count="36" type="stmt"/>
        <line num="17" count="36" type="stmt"/>
        <line num="18" count="36" type="stmt"/>
        <line num="19" count="36" type="stmt"/>
        <line num="20" count="36" type="stmt"/>
        <line num="21" count="36" type="stmt"/>
        <line num="22" count="36" type="stmt"/>
        <line num="23" count="36" type="stmt"/>
        <line num="25" count="36" type="stmt"/>
        <line num="26" count="5" type="stmt"/>
        <line num="27" count="5" type="cond" truecount="1" falsecount="1"/>
        <line num="28" count="0" type="stmt"/>
        <line num="30" count="5" type="stmt"/>
        <line num="31" count="5" type="stmt"/>
        <line num="34" count="5" type="stmt"/>
        <line num="35" count="5" type="cond" truecount="1" falsecount="1"/>
        <line num="40" count="5" type="stmt"/>
        <line num="41" count="5" type="stmt"/>
        <line num="44" count="36" type="stmt"/>
        <line num="45" count="7" type="stmt"/>
        <line num="46" count="2" type="stmt"/>
        <line num="47" count="2" type="stmt"/>
        <line num="48" count="2" type="stmt"/>
        <line num="51" count="2" type="stmt"/>
        <line num="52" count="1" type="stmt"/>
        <line num="53" count="1" type="cond" truecount="1" falsecount="1"/>
        <line num="58" count="7" type="cond" truecount="2" falsecount="0"/>
        <line num="61" count="36" type="stmt"/>
        <line num="62" count="6" type="stmt"/>
        <line num="63" count="1" type="stmt"/>
        <line num="64" count="1" type="stmt"/>
        <line num="67" count="1" type="stmt"/>
        <line num="68" count="1" type="cond" truecount="1" falsecount="1"/>
        <line num="73" count="6" type="cond" truecount="2" falsecount="0"/>
        <line num="76" count="36" type="stmt"/>
        <line num="77" count="0" type="stmt"/>
        <line num="80" count="36" type="stmt"/>
        <line num="86" count="104" type="stmt"/>
        <line num="93" count="24" type="stmt"/>
        <line num="100" count="11" type="stmt"/>
        <line num="110" count="18" type="stmt"/>
      </file>
    </package>
    <package name="src.utils">
      <metrics statements="14" coveredstatements="14" conditionals="4" coveredconditionals="4" methods="5" coveredmethods="5"/>
      <file name="fetchAPI.js" path="/home/raeder/Meu-Time/app/src/utils/fetchAPI.js">
        <metrics statements="6" coveredstatements="6" conditionals="0" coveredconditionals="0" methods="1" coveredmethods="1"/>
        <line num="1" count="3" type="stmt"/>
        <line num="4" count="11" type="stmt"/>
        <line num="5" count="11" type="stmt"/>
        <line num="6" count="11" type="stmt"/>
        <line num="7" count="11" type="stmt"/>
        <line num="9" count="1" type="stmt"/>
      </file>
      <file name="getAPI.js" path="/home/raeder/Meu-Time/app/src/utils/getAPI.js">
        <metrics statements="2" coveredstatements="2" conditionals="0" coveredconditionals="0" methods="1" coveredmethods="1"/>
        <line num="4" count="11" type="stmt"/>
        <line num="10" count="11" type="stmt"/>
      </file>
      <file name="localStorage.js" path="/home/raeder/Meu-Time/app/src/utils/localStorage.js">
        <metrics statements="6" coveredstatements="6" conditionals="4" coveredconditionals="4" methods="3" coveredmethods="3"/>
        <line num="1" count="3" type="stmt"/>
        <line num="2" count="16" type="stmt"/>
        <line num="5" count="29" type="cond" truecount="2" falsecount="0"/>
        <line num="7" count="3" type="stmt"/>
        <line num="8" count="10" type="cond" truecount="2" falsecount="0"/>
        <line num="9" count="10" type="stmt"/>
      </file>
    </package>
  </project>
</coverage>
