{"/home/raeder/Meu-Time/app/src/App.jsx": {"path":"/home/raeder/Meu-Time/app/src/App.jsx","statementMap":{"0":{"start":{"line":8,"column":2},"end":{"line":15,"column":4}}},"fnMap":{"0":{"name":"App","decl":{"start":{"line":7,"column":9},"end":{"line":7,"column":12}},"loc":{"start":{"line":7,"column":15},"end":{"line":16,"column":1}},"line":7}},"branchMap":{},"s":{"0":11},"f":{"0":11},"b":{},"_coverageSchema":"1a1c01bbd47fc00a2c39e90264f33305004495a9","hash":"3b9ab324e93ae0c3ef422c9ea34f4c4276dfa648"}
,"/home/raeder/Meu-Time/app/src/main.jsx": {"path":"/home/raeder/Meu-Time/app/src/main.jsx","statementMap":{"0":{"start":{"line":7,"column":0},"end":{"line":13,"column":2}}},"fnMap":{},"branchMap":{},"s":{"0":0},"f":{},"b":{}}
,"/home/raeder/Meu-Time/app/src/components/Chart.jsx": {"path":"/home/raeder/Meu-Time/app/src/components/Chart.jsx","statementMap":{"0":{"start":{"line":13,"column":0},"end":{"line":13,"column":81}},"1":{"start":{"line":15,"column":16},"end":{"line":25,"column":1}},"2":{"start":{"line":28,"column":17},"end":{"line":28,"column":38}},"3":{"start":{"line":29,"column":15},"end":{"line":47,"column":3}},"4":{"start":{"line":34,"column":57},"end":{"line":34,"column":62}},"5":{"start":{"line":41,"column":61},"end":{"line":41,"column":66}},"6":{"start":{"line":48,"column":2},"end":{"line":52,"column":4}},"7":{"start":{"line":55,"column":0},"end":{"line":58,"column":2}}},"fnMap":{"0":{"name":"BarChart","decl":{"start":{"line":27,"column":24},"end":{"line":27,"column":32}},"loc":{"start":{"line":27,"column":61},"end":{"line":53,"column":1}},"line":27},"1":{"name":"(anonymous_1)","decl":{"start":{"line":34,"column":42},"end":{"line":34,"column":43}},"loc":{"start":{"line":34,"column":57},"end":{"line":34,"column":62}},"line":34},"2":{"name":"(anonymous_2)","decl":{"start":{"line":41,"column":46},"end":{"line":41,"column":47}},"loc":{"start":{"line":41,"column":61},"end":{"line":41,"column":66}},"line":41}},"branchMap":{},"s":{"0":3,"1":3,"2":0,"3":0,"4":0,"5":0,"6":0,"7":3},"f":{"0":0,"1":0,"2":0},"b":{},"_coverageSchema":"1a1c01bbd47fc00a2c39e90264f33305004495a9","hash":"c6e32a19850d947c2cdc5e53bcd666387555784f"}
,"/home/raeder/Meu-Time/app/src/components/Header.jsx": {"path":"/home/raeder/Meu-Time/app/src/components/Header.jsx","statementMap":{"0":{"start":{"line":6,"column":18},"end":{"line":6,"column":30}},"1":{"start":{"line":7,"column":26},"end":{"line":7,"column":38}},"2":{"start":{"line":9,"column":2},"end":{"line":14,"column":9}},"3":{"start":{"line":12,"column":8},"end":{"line":12,"column":41}},"4":{"start":{"line":13,"column":4},"end":{"line":13,"column":56}},"5":{"start":{"line":16,"column":17},"end":{"line":20,"column":3}},"6":{"start":{"line":17,"column":4},"end":{"line":17,"column":41}},"7":{"start":{"line":18,"column":4},"end":{"line":18,"column":38}},"8":{"start":{"line":19,"column":4},"end":{"line":19,"column":22}},"9":{"start":{"line":22,"column":2},"end":{"line":32,"column":4}}},"fnMap":{"0":{"name":"Header","decl":{"start":{"line":5,"column":24},"end":{"line":5,"column":30}},"loc":{"start":{"line":5,"column":33},"end":{"line":33,"column":1}},"line":5},"1":{"name":"(anonymous_1)","decl":{"start":{"line":9,"column":12},"end":{"line":9,"column":13}},"loc":{"start":{"line":9,"column":18},"end":{"line":14,"column":3}},"line":9},"2":{"name":"(anonymous_2)","decl":{"start":{"line":16,"column":17},"end":{"line":16,"column":18}},"loc":{"start":{"line":16,"column":23},"end":{"line":20,"column":3}},"line":16}},"branchMap":{},"s":{"0":35,"1":35,"2":35,"3":5,"4":5,"5":35,"6":1,"7":1,"8":1,"9":35},"f":{"0":35,"1":5,"2":1},"b":{},"_coverageSchema":"1a1c01bbd47fc00a2c39e90264f33305004495a9","hash":"499005f87089b0f2643b9adf4bf28b0b779f4aca"}
,"/home/raeder/Meu-Time/app/src/components/Information.jsx": {"path":"/home/raeder/Meu-Time/app/src/components/Information.jsx","statementMap":{"0":{"start":{"line":10,"column":40},"end":{"line":10,"column":55}},"1":{"start":{"line":11,"column":44},"end":{"line":11,"column":59}},"2":{"start":{"line":12,"column":46},"end":{"line":12,"column":61}},"3":{"start":{"line":13,"column":40},"end":{"line":13,"column":55}},"4":{"start":{"line":14,"column":32},"end":{"line":14,"column":44}},"5":{"start":{"line":15,"column":38},"end":{"line":15,"column":50}},"6":{"start":{"line":18,"column":21},"end":{"line":35,"column":3}},"7":{"start":{"line":19,"column":4},"end":{"line":32,"column":5}},"8":{"start":{"line":20,"column":6},"end":{"line":20,"column":23}},"9":{"start":{"line":21,"column":6},"end":{"line":31,"column":8}},"10":{"start":{"line":24,"column":10},"end":{"line":24,"column":31}},"11":{"start":{"line":25,"column":10},"end":{"line":28,"column":11}},"12":{"start":{"line":26,"column":12},"end":{"line":26,"column":44}},"13":{"start":{"line":26,"column":37},"end":{"line":26,"column":42}},"14":{"start":{"line":27,"column":12},"end":{"line":27,"column":30}},"15":{"start":{"line":33,"column":4},"end":{"line":33,"column":53}},"16":{"start":{"line":33,"column":21},"end":{"line":33,"column":53}},"17":{"start":{"line":33,"column":46},"end":{"line":33,"column":51}},"18":{"start":{"line":34,"column":4},"end":{"line":34,"column":35}},"19":{"start":{"line":34,"column":17},"end":{"line":34,"column":35}},"20":{"start":{"line":37,"column":25},"end":{"line":54,"column":3}},"21":{"start":{"line":38,"column":4},"end":{"line":51,"column":5}},"22":{"start":{"line":39,"column":6},"end":{"line":39,"column":23}},"23":{"start":{"line":40,"column":6},"end":{"line":50,"column":8}},"24":{"start":{"line":43,"column":10},"end":{"line":46,"column":11}},"25":{"start":{"line":44,"column":12},"end":{"line":44,"column":38}},"26":{"start":{"line":44,"column":31},"end":{"line":44,"column":36}},"27":{"start":{"line":45,"column":12},"end":{"line":45,"column":30}},"28":{"start":{"line":47,"column":10},"end":{"line":47,"column":34}},"29":{"start":{"line":52,"column":4},"end":{"line":52,"column":40}},"30":{"start":{"line":52,"column":14},"end":{"line":52,"column":40}},"31":{"start":{"line":52,"column":33},"end":{"line":52,"column":38}},"32":{"start":{"line":53,"column":4},"end":{"line":53,"column":35}},"33":{"start":{"line":53,"column":17},"end":{"line":53,"column":35}},"34":{"start":{"line":56,"column":2},"end":{"line":83,"column":4}},"35":{"start":{"line":63,"column":47},"end":{"line":63,"column":94}},"36":{"start":{"line":68,"column":46},"end":{"line":68,"column":95}},"37":{"start":{"line":73,"column":44},"end":{"line":73,"column":87}},"38":{"start":{"line":86,"column":0},"end":{"line":93,"column":2}}},"fnMap":{"0":{"name":"Information","decl":{"start":{"line":9,"column":24},"end":{"line":9,"column":35}},"loc":{"start":{"line":9,"column":91},"end":{"line":84,"column":1}},"line":9},"1":{"name":"(anonymous_1)","decl":{"start":{"line":18,"column":21},"end":{"line":18,"column":22}},"loc":{"start":{"line":18,"column":33},"end":{"line":35,"column":3}},"line":18},"2":{"name":"(anonymous_2)","decl":{"start":{"line":23,"column":8},"end":{"line":23,"column":9}},"loc":{"start":{"line":23,"column":26},"end":{"line":29,"column":9}},"line":23},"3":{"name":"(anonymous_3)","decl":{"start":{"line":26,"column":27},"end":{"line":26,"column":28}},"loc":{"start":{"line":26,"column":37},"end":{"line":26,"column":42}},"line":26},"4":{"name":"(anonymous_4)","decl":{"start":{"line":33,"column":36},"end":{"line":33,"column":37}},"loc":{"start":{"line":33,"column":46},"end":{"line":33,"column":51}},"line":33},"5":{"name":"(anonymous_5)","decl":{"start":{"line":37,"column":25},"end":{"line":37,"column":26}},"loc":{"start":{"line":37,"column":51},"end":{"line":54,"column":3}},"line":37},"6":{"name":"(anonymous_6)","decl":{"start":{"line":42,"column":8},"end":{"line":42,"column":9}},"loc":{"start":{"line":42,"column":26},"end":{"line":48,"column":9}},"line":42},"7":{"name":"(anonymous_7)","decl":{"start":{"line":44,"column":21},"end":{"line":44,"column":22}},"loc":{"start":{"line":44,"column":31},"end":{"line":44,"column":36}},"line":44},"8":{"name":"(anonymous_8)","decl":{"start":{"line":52,"column":23},"end":{"line":52,"column":24}},"loc":{"start":{"line":52,"column":33},"end":{"line":52,"column":38}},"line":52},"9":{"name":"(anonymous_9)","decl":{"start":{"line":63,"column":41},"end":{"line":63,"column":42}},"loc":{"start":{"line":63,"column":47},"end":{"line":63,"column":94}},"line":63},"10":{"name":"(anonymous_10)","decl":{"start":{"line":68,"column":40},"end":{"line":68,"column":41}},"loc":{"start":{"line":68,"column":46},"end":{"line":68,"column":95}},"line":68},"11":{"name":"(anonymous_11)","decl":{"start":{"line":73,"column":38},"end":{"line":73,"column":39}},"loc":{"start":{"line":73,"column":44},"end":{"line":73,"column":87}},"line":73}},"branchMap":{"0":{"loc":{"start":{"line":19,"column":4},"end":{"line":32,"column":5}},"type":"if","locations":[{"start":{"line":19,"column":4},"end":{"line":32,"column":5}},{"start":{},"end":{}}],"line":19},"1":{"loc":{"start":{"line":25,"column":10},"end":{"line":28,"column":11}},"type":"if","locations":[{"start":{"line":25,"column":10},"end":{"line":28,"column":11}},{"start":{},"end":{}}],"line":25},"2":{"loc":{"start":{"line":33,"column":4},"end":{"line":33,"column":53}},"type":"if","locations":[{"start":{"line":33,"column":4},"end":{"line":33,"column":53}},{"start":{},"end":{}}],"line":33},"3":{"loc":{"start":{"line":34,"column":4},"end":{"line":34,"column":35}},"type":"if","locations":[{"start":{"line":34,"column":4},"end":{"line":34,"column":35}},{"start":{},"end":{}}],"line":34},"4":{"loc":{"start":{"line":38,"column":4},"end":{"line":51,"column":5}},"type":"if","locations":[{"start":{"line":38,"column":4},"end":{"line":51,"column":5}},{"start":{},"end":{}}],"line":38},"5":{"loc":{"start":{"line":43,"column":10},"end":{"line":46,"column":11}},"type":"if","locations":[{"start":{"line":43,"column":10},"end":{"line":46,"column":11}},{"start":{},"end":{}}],"line":43},"6":{"loc":{"start":{"line":52,"column":4},"end":{"line":52,"column":40}},"type":"if","locations":[{"start":{"line":52,"column":4},"end":{"line":52,"column":40}},{"start":{},"end":{}}],"line":52},"7":{"loc":{"start":{"line":53,"column":4},"end":{"line":53,"column":35}},"type":"if","locations":[{"start":{"line":53,"column":4},"end":{"line":53,"column":35}},{"start":{},"end":{}}],"line":53},"8":{"loc":{"start":{"line":61,"column":7},"end":{"line":61,"column":55}},"type":"binary-expr","locations":[{"start":{"line":61,"column":7},"end":{"line":61,"column":18}},{"start":{"line":61,"column":22},"end":{"line":61,"column":55}}],"line":61},"9":{"loc":{"start":{"line":66,"column":7},"end":{"line":66,"column":65}},"type":"binary-expr","locations":[{"start":{"line":66,"column":7},"end":{"line":66,"column":20}},{"start":{"line":66,"column":24},"end":{"line":66,"column":65}}],"line":66},"10":{"loc":{"start":{"line":71,"column":7},"end":{"line":71,"column":73}},"type":"binary-expr","locations":[{"start":{"line":71,"column":7},"end":{"line":71,"column":21}},{"start":{"line":71,"column":25},"end":{"line":71,"column":73}}],"line":71},"11":{"loc":{"start":{"line":76,"column":7},"end":{"line":81,"column":7}},"type":"binary-expr","locations":[{"start":{"line":76,"column":7},"end":{"line":76,"column":18}},{"start":{"line":77,"column":8},"end":{"line":80,"column":10}}],"line":76}},"s":{"0":7,"1":7,"2":7,"3":7,"4":7,"5":7,"6":7,"7":2,"8":1,"9":1,"10":1,"11":1,"12":1,"13":1,"14":1,"15":2,"16":1,"17":1,"18":2,"19":0,"20":7,"21":0,"22":0,"23":0,"24":0,"25":0,"26":0,"27":0,"28":0,"29":0,"30":0,"31":0,"32":0,"33":0,"34":7,"35":0,"36":0,"37":0,"38":3},"f":{"0":7,"1":2,"2":1,"3":1,"4":1,"5":0,"6":0,"7":0,"8":0,"9":0,"10":0,"11":0},"b":{"0":[1,1],"1":[1,0],"2":[1,1],"3":[0,2],"4":[0,0],"5":[0,0],"6":[0,0],"7":[0,0],"8":[7,2],"9":[7,0],"10":[7,0],"11":[7,0]},"_coverageSchema":"1a1c01bbd47fc00a2c39e90264f33305004495a9","hash":"24c9541e931f47b7d349ff65f60ad2c86bdfed5c"}
,"/home/raeder/Meu-Time/app/src/components/Lineups.jsx": {"path":"/home/raeder/Meu-Time/app/src/components/Lineups.jsx","statementMap":{"0":{"start":{"line":5,"column":18},"end":{"line":5,"column":50}},"1":{"start":{"line":6,"column":2},"end":{"line":10,"column":4}},"2":{"start":{"line":13,"column":0},"end":{"line":15,"column":2}}},"fnMap":{"0":{"name":"Lineups","decl":{"start":{"line":4,"column":24},"end":{"line":4,"column":31}},"loc":{"start":{"line":4,"column":45},"end":{"line":11,"column":1}},"line":4}},"branchMap":{},"s":{"0":0,"1":0,"2":3},"f":{"0":0},"b":{},"_coverageSchema":"1a1c01bbd47fc00a2c39e90264f33305004495a9","hash":"18cf04c66288bdb45a90eb1895d858273fc2cd39"}
,"/home/raeder/Meu-Time/app/src/components/Loading.jsx": {"path":"/home/raeder/Meu-Time/app/src/components/Loading.jsx","statementMap":{"0":{"start":{"line":4,"column":2},"end":{"line":15,"column":4}},"1":{"start":{"line":18,"column":0},"end":{"line":20,"column":2}}},"fnMap":{"0":{"name":"Loading","decl":{"start":{"line":3,"column":24},"end":{"line":3,"column":31}},"loc":{"start":{"line":3,"column":51},"end":{"line":16,"column":1}},"line":3}},"branchMap":{},"s":{"0":22,"1":3},"f":{"0":22},"b":{},"_coverageSchema":"1a1c01bbd47fc00a2c39e90264f33305004495a9","hash":"51fc0765e55e8dfb92bf208952502be72c66e6ff"}
,"/home/raeder/Meu-Time/app/src/components/PlayersInfo.jsx": {"path":"/home/raeder/Meu-Time/app/src/components/PlayersInfo.jsx","statementMap":{"0":{"start":{"line":5,"column":18},"end":{"line":5,"column":48}},"1":{"start":{"line":6,"column":22},"end":{"line":10,"column":5}},"2":{"start":{"line":6,"column":79},"end":{"line":10,"column":3}},"3":{"start":{"line":11,"column":2},"end":{"line":15,"column":4}},"4":{"start":{"line":18,"column":0},"end":{"line":20,"column":2}}},"fnMap":{"0":{"name":"playersInfo","decl":{"start":{"line":4,"column":24},"end":{"line":4,"column":35}},"loc":{"start":{"line":4,"column":49},"end":{"line":16,"column":1}},"line":4},"1":{"name":"(anonymous_1)","decl":{"start":{"line":6,"column":34},"end":{"line":6,"column":35}},"loc":{"start":{"line":6,"column":79},"end":{"line":10,"column":3}},"line":6}},"branchMap":{},"s":{"0":2,"1":2,"2":6,"3":2,"4":3},"f":{"0":2,"1":6},"b":{},"_coverageSchema":"1a1c01bbd47fc00a2c39e90264f33305004495a9","hash":"94b54f4b6817d9f4889e51c6445ae8b4586c5c07"}
,"/home/raeder/Meu-Time/app/src/components/SelectOptions.jsx": {"path":"/home/raeder/Meu-Time/app/src/components/SelectOptions.jsx","statementMap":{"0":{"start":{"line":4,"column":2},"end":{"line":22,"column":4}},"1":{"start":{"line":10,"column":45},"end":{"line":10,"column":64}},"2":{"start":{"line":16,"column":12},"end":{"line":18,"column":21}},"3":{"start":{"line":25,"column":0},"end":{"line":30,"column":2}}},"fnMap":{"0":{"name":"SelectOptions","decl":{"start":{"line":3,"column":24},"end":{"line":3,"column":37}},"loc":{"start":{"line":3,"column":80},"end":{"line":23,"column":1}},"line":3},"1":{"name":"(anonymous_1)","decl":{"start":{"line":10,"column":18},"end":{"line":10,"column":19}},"loc":{"start":{"line":10,"column":45},"end":{"line":10,"column":64}},"line":10},"2":{"name":"(anonymous_2)","decl":{"start":{"line":15,"column":20},"end":{"line":15,"column":21}},"loc":{"start":{"line":16,"column":12},"end":{"line":18,"column":21}},"line":16}},"branchMap":{"0":{"loc":{"start":{"line":14,"column":9},"end":{"line":19,"column":12}},"type":"binary-expr","locations":[{"start":{"line":14,"column":9},"end":{"line":14,"column":21}},{"start":{"line":15,"column":10},"end":{"line":19,"column":12}}],"line":14}},"s":{"0":140,"1":6,"2":153,"3":3},"f":{"0":140,"1":6,"2":153},"b":{"0":[140,54]},"_coverageSchema":"1a1c01bbd47fc00a2c39e90264f33305004495a9","hash":"24c7ec15cef540cdc4c7cf6ff1f0270549cffcec"}
,"/home/raeder/Meu-Time/app/src/components/Statistics.jsx": {"path":"/home/raeder/Meu-Time/app/src/components/Statistics.jsx","statementMap":{"0":{"start":{"line":5,"column":18},"end":{"line":5,"column":56}},"1":{"start":{"line":6,"column":41},"end":{"line":6,"column":51}},"2":{"start":{"line":7,"column":15},"end":{"line":14,"column":3}},"3":{"start":{"line":15,"column":2},"end":{"line":19,"column":4}},"4":{"start":{"line":22,"column":0},"end":{"line":37,"column":2}}},"fnMap":{"0":{"name":"Statistics","decl":{"start":{"line":4,"column":24},"end":{"line":4,"column":34}},"loc":{"start":{"line":4,"column":51},"end":{"line":20,"column":1}},"line":4}},"branchMap":{},"s":{"0":0,"1":0,"2":0,"3":0,"4":3},"f":{"0":0},"b":{},"_coverageSchema":"1a1c01bbd47fc00a2c39e90264f33305004495a9","hash":"093db73264111907181620c06aaf58b926868bb4"}
,"/home/raeder/Meu-Time/app/src/components/Table.jsx": {"path":"/home/raeder/Meu-Time/app/src/components/Table.jsx","statementMap":{"0":{"start":{"line":4,"column":2},"end":{"line":23,"column":4}},"1":{"start":{"line":9,"column":12},"end":{"line":9,"column":42}},"2":{"start":{"line":15,"column":10},"end":{"line":19,"column":15}},"3":{"start":{"line":17,"column":14},"end":{"line":17,"column":56}},"4":{"start":{"line":26,"column":0},"end":{"line":29,"column":2}}},"fnMap":{"0":{"name":"Table","decl":{"start":{"line":3,"column":24},"end":{"line":3,"column":29}},"loc":{"start":{"line":3,"column":50},"end":{"line":24,"column":1}},"line":3},"1":{"name":"(anonymous_1)","decl":{"start":{"line":8,"column":23},"end":{"line":8,"column":24}},"loc":{"start":{"line":9,"column":12},"end":{"line":9,"column":42}},"line":9},"2":{"name":"(anonymous_2)","decl":{"start":{"line":14,"column":19},"end":{"line":14,"column":20}},"loc":{"start":{"line":15,"column":10},"end":{"line":19,"column":15}},"line":15},"3":{"name":"(anonymous_3)","decl":{"start":{"line":16,"column":37},"end":{"line":16,"column":38}},"loc":{"start":{"line":17,"column":14},"end":{"line":17,"column":56}},"line":17}},"branchMap":{},"s":{"0":2,"1":6,"2":6,"3":18,"4":3},"f":{"0":2,"1":6,"2":6,"3":18},"b":{},"_coverageSchema":"1a1c01bbd47fc00a2c39e90264f33305004495a9","hash":"6866b44eb69be6a779e83c25f168a9abd16f6255"}
,"/home/raeder/Meu-Time/app/src/pages/Login.jsx": {"path":"/home/raeder/Meu-Time/app/src/pages/Login.jsx","statementMap":{"0":{"start":{"line":7,"column":30},"end":{"line":7,"column":42}},"1":{"start":{"line":8,"column":38},"end":{"line":8,"column":53}},"2":{"start":{"line":9,"column":18},"end":{"line":9,"column":30}},"3":{"start":{"line":11,"column":2},"end":{"line":15,"column":9}},"4":{"start":{"line":12,"column":4},"end":{"line":14,"column":5}},"5":{"start":{"line":13,"column":6},"end":{"line":13,"column":28}},"6":{"start":{"line":17,"column":23},"end":{"line":20,"column":3}},"7":{"start":{"line":18,"column":4},"end":{"line":18,"column":23}},"8":{"start":{"line":19,"column":4},"end":{"line":19,"column":54}},"9":{"start":{"line":22,"column":28},"end":{"line":31,"column":3}},"10":{"start":{"line":23,"column":4},"end":{"line":26,"column":5}},"11":{"start":{"line":24,"column":6},"end":{"line":24,"column":26}},"12":{"start":{"line":25,"column":6},"end":{"line":25,"column":49}},"13":{"start":{"line":27,"column":4},"end":{"line":27,"column":25}},"14":{"start":{"line":28,"column":4},"end":{"line":28,"column":57}},"15":{"start":{"line":29,"column":4},"end":{"line":29,"column":51}},"16":{"start":{"line":30,"column":4},"end":{"line":30,"column":26}},"17":{"start":{"line":33,"column":2},"end":{"line":47,"column":4}},"18":{"start":{"line":34,"column":50},"end":{"line":34,"column":65}},"19":{"start":{"line":37,"column":79},"end":{"line":37,"column":95}}},"fnMap":{"0":{"name":"Login","decl":{"start":{"line":6,"column":24},"end":{"line":6,"column":29}},"loc":{"start":{"line":6,"column":32},"end":{"line":48,"column":1}},"line":6},"1":{"name":"(anonymous_1)","decl":{"start":{"line":11,"column":12},"end":{"line":11,"column":13}},"loc":{"start":{"line":11,"column":18},"end":{"line":15,"column":3}},"line":11},"2":{"name":"(anonymous_2)","decl":{"start":{"line":17,"column":23},"end":{"line":17,"column":24}},"loc":{"start":{"line":17,"column":36},"end":{"line":20,"column":3}},"line":17},"3":{"name":"(anonymous_3)","decl":{"start":{"line":22,"column":28},"end":{"line":22,"column":29}},"loc":{"start":{"line":22,"column":43},"end":{"line":31,"column":3}},"line":22},"4":{"name":"(anonymous_4)","decl":{"start":{"line":34,"column":43},"end":{"line":34,"column":44}},"loc":{"start":{"line":34,"column":50},"end":{"line":34,"column":65}},"line":34},"5":{"name":"(anonymous_5)","decl":{"start":{"line":37,"column":52},"end":{"line":37,"column":53}},"loc":{"start":{"line":37,"column":79},"end":{"line":37,"column":95}},"line":37}},"branchMap":{"0":{"loc":{"start":{"line":12,"column":4},"end":{"line":14,"column":5}},"type":"if","locations":[{"start":{"line":12,"column":4},"end":{"line":14,"column":5}},{"start":{},"end":{}}],"line":12},"1":{"loc":{"start":{"line":23,"column":4},"end":{"line":26,"column":5}},"type":"if","locations":[{"start":{"line":23,"column":4},"end":{"line":26,"column":5}},{"start":{},"end":{}}],"line":23},"2":{"loc":{"start":{"line":41,"column":9},"end":{"line":41,"column":46}},"type":"binary-expr","locations":[{"start":{"line":41,"column":9},"end":{"line":41,"column":19}},{"start":{"line":41,"column":23},"end":{"line":41,"column":46}}],"line":41}},"s":{"0":107,"1":107,"2":107,"3":107,"4":9,"5":4,"6":107,"7":2,"8":2,"9":107,"10":2,"11":1,"12":1,"13":1,"14":1,"15":1,"16":1,"17":107,"18":2,"19":96},"f":{"0":107,"1":9,"2":2,"3":2,"4":2,"5":96},"b":{"0":[4,5],"1":[1,1],"2":[107,1]},"_coverageSchema":"1a1c01bbd47fc00a2c39e90264f33305004495a9","hash":"e30f5cbb42ae2b3f1eaaa89740638a9018eb62c5"}
,"/home/raeder/Meu-Time/app/src/pages/Main.jsx": {"path":"/home/raeder/Meu-Time/app/src/pages/Main.jsx","statementMap":{"0":{"start":{"line":11,"column":18},"end":{"line":11,"column":30}},"1":{"start":{"line":13,"column":32},"end":{"line":13,"column":46}},"2":{"start":{"line":15,"column":30},"end":{"line":15,"column":42}},"3":{"start":{"line":16,"column":36},"end":{"line":16,"column":48}},"4":{"start":{"line":17,"column":48},"end":{"line":17,"column":60}},"5":{"start":{"line":18,"column":32},"end":{"line":18,"column":44}},"6":{"start":{"line":19,"column":47},"end":{"line":19,"column":59}},"7":{"start":{"line":20,"column":32},"end":{"line":20,"column":44}},"8":{"start":{"line":21,"column":46},"end":{"line":21,"column":58}},"9":{"start":{"line":22,"column":28},"end":{"line":22,"column":40}},"10":{"start":{"line":23,"column":42},"end":{"line":23,"column":54}},"11":{"start":{"line":25,"column":2},"end":{"line":42,"column":9}},"12":{"start":{"line":26,"column":22},"end":{"line":26,"column":52}},"13":{"start":{"line":27,"column":4},"end":{"line":29,"column":5}},"14":{"start":{"line":28,"column":6},"end":{"line":28,"column":24}},"15":{"start":{"line":30,"column":25},"end":{"line":39,"column":5}},"16":{"start":{"line":31,"column":6},"end":{"line":38,"column":8}},"17":{"start":{"line":34,"column":10},"end":{"line":34,"column":33}},"18":{"start":{"line":35,"column":10},"end":{"line":35,"column":53}},"19":{"start":{"line":35,"column":35},"end":{"line":35,"column":53}},"20":{"start":{"line":40,"column":4},"end":{"line":40,"column":19}},"21":{"start":{"line":41,"column":4},"end":{"line":41,"column":25}},"22":{"start":{"line":44,"column":2},"end":{"line":59,"column":24}},"23":{"start":{"line":45,"column":23},"end":{"line":57,"column":5}},"24":{"start":{"line":46,"column":6},"end":{"line":46,"column":23}},"25":{"start":{"line":47,"column":23},"end":{"line":47,"column":60}},"26":{"start":{"line":48,"column":6},"end":{"line":56,"column":8}},"27":{"start":{"line":51,"column":10},"end":{"line":51,"column":66}},"28":{"start":{"line":51,"column":59},"end":{"line":51,"column":63}},"29":{"start":{"line":52,"column":10},"end":{"line":52,"column":31}},"30":{"start":{"line":53,"column":10},"end":{"line":53,"column":53}},"31":{"start":{"line":53,"column":35},"end":{"line":53,"column":53}},"32":{"start":{"line":58,"column":4},"end":{"line":58,"column":38}},"33":{"start":{"line":58,"column":25},"end":{"line":58,"column":38}},"34":{"start":{"line":61,"column":2},"end":{"line":74,"column":23}},"35":{"start":{"line":62,"column":21},"end":{"line":72,"column":5}},"36":{"start":{"line":63,"column":6},"end":{"line":63,"column":23}},"37":{"start":{"line":64,"column":6},"end":{"line":71,"column":8}},"38":{"start":{"line":67,"column":10},"end":{"line":67,"column":29}},"39":{"start":{"line":68,"column":10},"end":{"line":68,"column":53}},"40":{"start":{"line":68,"column":35},"end":{"line":68,"column":53}},"41":{"start":{"line":73,"column":4},"end":{"line":73,"column":35}},"42":{"start":{"line":73,"column":24},"end":{"line":73,"column":35}},"43":{"start":{"line":76,"column":24},"end":{"line":78,"column":3}},"44":{"start":{"line":77,"column":4},"end":{"line":77,"column":22}},"45":{"start":{"line":80,"column":2},"end":{"line":132,"column":4}},"46":{"start":{"line":86,"column":41},"end":{"line":86,"column":78}},"47":{"start":{"line":93,"column":39},"end":{"line":93,"column":66}},"48":{"start":{"line":100,"column":48},"end":{"line":103,"column":13}},"49":{"start":{"line":110,"column":44},"end":{"line":113,"column":13}}},"fnMap":{"0":{"name":"Main","decl":{"start":{"line":10,"column":24},"end":{"line":10,"column":28}},"loc":{"start":{"line":10,"column":31},"end":{"line":133,"column":1}},"line":10},"1":{"name":"(anonymous_1)","decl":{"start":{"line":25,"column":12},"end":{"line":25,"column":13}},"loc":{"start":{"line":25,"column":18},"end":{"line":42,"column":3}},"line":25},"2":{"name":"(anonymous_2)","decl":{"start":{"line":30,"column":25},"end":{"line":30,"column":26}},"loc":{"start":{"line":30,"column":37},"end":{"line":39,"column":5}},"line":30},"3":{"name":"(anonymous_3)","decl":{"start":{"line":33,"column":8},"end":{"line":33,"column":9}},"loc":{"start":{"line":33,"column":26},"end":{"line":36,"column":9}},"line":33},"4":{"name":"(anonymous_4)","decl":{"start":{"line":44,"column":12},"end":{"line":44,"column":13}},"loc":{"start":{"line":44,"column":18},"end":{"line":59,"column":3}},"line":44},"5":{"name":"(anonymous_5)","decl":{"start":{"line":45,"column":23},"end":{"line":45,"column":24}},"loc":{"start":{"line":45,"column":35},"end":{"line":57,"column":5}},"line":45},"6":{"name":"(anonymous_6)","decl":{"start":{"line":50,"column":8},"end":{"line":50,"column":9}},"loc":{"start":{"line":50,"column":26},"end":{"line":54,"column":9}},"line":50},"7":{"name":"(anonymous_7)","decl":{"start":{"line":51,"column":45},"end":{"line":51,"column":46}},"loc":{"start":{"line":51,"column":59},"end":{"line":51,"column":63}},"line":51},"8":{"name":"(anonymous_8)","decl":{"start":{"line":61,"column":12},"end":{"line":61,"column":13}},"loc":{"start":{"line":61,"column":18},"end":{"line":74,"column":3}},"line":61},"9":{"name":"(anonymous_9)","decl":{"start":{"line":62,"column":21},"end":{"line":62,"column":22}},"loc":{"start":{"line":62,"column":33},"end":{"line":72,"column":5}},"line":62},"10":{"name":"(anonymous_10)","decl":{"start":{"line":66,"column":8},"end":{"line":66,"column":9}},"loc":{"start":{"line":66,"column":26},"end":{"line":69,"column":9}},"line":66},"11":{"name":"(anonymous_11)","decl":{"start":{"line":76,"column":24},"end":{"line":76,"column":25}},"loc":{"start":{"line":76,"column":30},"end":{"line":78,"column":3}},"line":76},"12":{"name":"(anonymous_12)","decl":{"start":{"line":86,"column":33},"end":{"line":86,"column":34}},"loc":{"start":{"line":86,"column":41},"end":{"line":86,"column":78}},"line":86},"13":{"name":"(anonymous_13)","decl":{"start":{"line":93,"column":31},"end":{"line":93,"column":32}},"loc":{"start":{"line":93,"column":39},"end":{"line":93,"column":66}},"line":93},"14":{"name":"(anonymous_14)","decl":{"start":{"line":100,"column":31},"end":{"line":100,"column":32}},"loc":{"start":{"line":100,"column":48},"end":{"line":103,"column":13}},"line":100},"15":{"name":"(anonymous_15)","decl":{"start":{"line":110,"column":29},"end":{"line":110,"column":30}},"loc":{"start":{"line":110,"column":44},"end":{"line":113,"column":13}},"line":110}},"branchMap":{"0":{"loc":{"start":{"line":27,"column":4},"end":{"line":29,"column":5}},"type":"if","locations":[{"start":{"line":27,"column":4},"end":{"line":29,"column":5}},{"start":{},"end":{}}],"line":27},"1":{"loc":{"start":{"line":35,"column":10},"end":{"line":35,"column":53}},"type":"if","locations":[{"start":{"line":35,"column":10},"end":{"line":35,"column":53}},{"start":{},"end":{}}],"line":35},"2":{"loc":{"start":{"line":53,"column":10},"end":{"line":53,"column":53}},"type":"if","locations":[{"start":{"line":53,"column":10},"end":{"line":53,"column":53}},{"start":{},"end":{}}],"line":53},"3":{"loc":{"start":{"line":58,"column":4},"end":{"line":58,"column":38}},"type":"if","locations":[{"start":{"line":58,"column":4},"end":{"line":58,"column":38}},{"start":{},"end":{}}],"line":58},"4":{"loc":{"start":{"line":68,"column":10},"end":{"line":68,"column":53}},"type":"if","locations":[{"start":{"line":68,"column":10},"end":{"line":68,"column":53}},{"start":{},"end":{}}],"line":68},"5":{"loc":{"start":{"line":73,"column":4},"end":{"line":73,"column":35}},"type":"if","locations":[{"start":{"line":73,"column":4},"end":{"line":73,"column":35}},{"start":{},"end":{}}],"line":73},"6":{"loc":{"start":{"line":119,"column":9},"end":{"line":128,"column":9}},"type":"binary-expr","locations":[{"start":{"line":119,"column":9},"end":{"line":119,"column":21}},{"start":{"line":120,"column":10},"end":{"line":127,"column":12}}],"line":119},"7":{"loc":{"start":{"line":130,"column":7},"end":{"line":130,"column":59}},"type":"binary-expr","locations":[{"start":{"line":130,"column":7},"end":{"line":130,"column":14}},{"start":{"line":130,"column":18},"end":{"line":130,"column":59}}],"line":130}},"s":{"0":39,"1":36,"2":36,"3":36,"4":36,"5":36,"6":36,"7":36,"8":36,"9":36,"10":36,"11":36,"12":5,"13":5,"14":0,"15":5,"16":5,"17":5,"18":5,"19":5,"20":5,"21":5,"22":36,"23":7,"24":2,"25":2,"26":2,"27":2,"28":2,"29":1,"30":1,"31":1,"32":7,"33":2,"34":36,"35":6,"36":1,"37":1,"38":1,"39":1,"40":1,"41":6,"42":1,"43":36,"44":0,"45":36,"46":104,"47":24,"48":11,"49":18},"f":{"0":39,"1":5,"2":5,"3":5,"4":7,"5":2,"6":2,"7":2,"8":6,"9":1,"10":1,"11":0,"12":104,"13":24,"14":11,"15":18},"b":{"0":[0,5],"1":[5,0],"2":[1,0],"3":[2,5],"4":[1,0],"5":[1,5],"6":[36,4],"7":[36,23]},"_coverageSchema":"1a1c01bbd47fc00a2c39e90264f33305004495a9","hash":"565836e94d48295dea71206b941a64515e323b64"}
,"/home/raeder/Meu-Time/app/src/utils/fetchAPI.js": {"path":"/home/raeder/Meu-Time/app/src/utils/fetchAPI.js","statementMap":{"0":{"start":{"line":1,"column":13},"end":{"line":1,"column":40}},"1":{"start":{"line":4,"column":2},"end":{"line":10,"column":3}},"2":{"start":{"line":5,"column":21},"end":{"line":5,"column":68}},"3":{"start":{"line":6,"column":17},"end":{"line":6,"column":38}},"4":{"start":{"line":7,"column":4},"end":{"line":7,"column":19}},"5":{"start":{"line":9,"column":4},"end":{"line":9,"column":23}}},"fnMap":{"0":{"name":"fetchAPI","decl":{"start":{"line":3,"column":30},"end":{"line":3,"column":38}},"loc":{"start":{"line":3,"column":64},"end":{"line":11,"column":1}},"line":3}},"branchMap":{},"s":{"0":3,"1":11,"2":11,"3":11,"4":11,"5":1},"f":{"0":11},"b":{},"_coverageSchema":"1a1c01bbd47fc00a2c39e90264f33305004495a9","hash":"297ca5078f0abaa18f4f24a2a5c40d8bdcf2f6c9"}
,"/home/raeder/Meu-Time/app/src/utils/getAPI.js": {"path":"/home/raeder/Meu-Time/app/src/utils/getAPI.js","statementMap":{"0":{"start":{"line":4,"column":18},"end":{"line":9,"column":3}},"1":{"start":{"line":10,"column":2},"end":{"line":10,"column":42}}},"fnMap":{"0":{"name":"getAPI","decl":{"start":{"line":3,"column":30},"end":{"line":3,"column":36}},"loc":{"start":{"line":3,"column":61},"end":{"line":11,"column":1}},"line":3}},"branchMap":{},"s":{"0":11,"1":11},"f":{"0":11},"b":{},"_coverageSchema":"1a1c01bbd47fc00a2c39e90264f33305004495a9","hash":"45e14c776bb9942ab5ad35eb337fd764e79d62e4"}
,"/home/raeder/Meu-Time/app/src/utils/localStorage.js": {"path":"/home/raeder/Meu-Time/app/src/utils/localStorage.js","statementMap":{"0":{"start":{"line":1,"column":16},"end":{"line":3,"column":1}},"1":{"start":{"line":2,"column":2},"end":{"line":2,"column":50}},"2":{"start":{"line":5,"column":16},"end":{"line":5,"column":72}},"3":{"start":{"line":5,"column":25},"end":{"line":5,"column":72}},"4":{"start":{"line":7,"column":24},"end":{"line":10,"column":1}},"5":{"start":{"line":8,"column":2},"end":{"line":8,"column":38}},"6":{"start":{"line":8,"column":21},"end":{"line":8,"column":38}},"7":{"start":{"line":9,"column":2},"end":{"line":9,"column":22}}},"fnMap":{"0":{"name":"(anonymous_0)","decl":{"start":{"line":1,"column":16},"end":{"line":1,"column":17}},"loc":{"start":{"line":1,"column":31},"end":{"line":3,"column":1}},"line":1},"1":{"name":"(anonymous_1)","decl":{"start":{"line":5,"column":16},"end":{"line":5,"column":17}},"loc":{"start":{"line":5,"column":25},"end":{"line":5,"column":72}},"line":5},"2":{"name":"(anonymous_2)","decl":{"start":{"line":7,"column":24},"end":{"line":7,"column":25}},"loc":{"start":{"line":7,"column":40},"end":{"line":10,"column":1}},"line":7}},"branchMap":{"0":{"loc":{"start":{"line":5,"column":36},"end":{"line":5,"column":71}},"type":"binary-expr","locations":[{"start":{"line":5,"column":36},"end":{"line":5,"column":61}},{"start":{"line":5,"column":65},"end":{"line":5,"column":71}}],"line":5},"1":{"loc":{"start":{"line":8,"column":2},"end":{"line":8,"column":38}},"type":"if","locations":[{"start":{"line":8,"column":2},"end":{"line":8,"column":38}},{"start":{},"end":{}}],"line":8}},"s":{"0":3,"1":16,"2":3,"3":29,"4":3,"5":10,"6":6,"7":10},"f":{"0":16,"1":29,"2":10},"b":{"0":[29,11],"1":[6,4]},"_coverageSchema":"1a1c01bbd47fc00a2c39e90264f33305004495a9","hash":"d7621406cf5d2487219e692b36dcba9af0e21462"}
}
