TN:
SF:src/App.jsx
FN:7,App
FNF:1
FNH:1
FNDA:11,App
DA:8,11
LF:1
LH:1
BRF:0
BRH:0
end_of_record
TN:
SF:src/main.jsx
FNF:0
FNH:0
DA:7,0
LF:1
LH:0
BRF:0
BRH:0
end_of_record
TN:
SF:src/components/Chart.jsx
FN:27,BarChart
FN:34,(anonymous_1)
FN:41,(anonymous_2)
FNF:3
FNH:0
FNDA:0,BarChart
FNDA:0,(anonymous_1)
FNDA:0,(anonymous_2)
DA:13,3
DA:15,3
DA:28,0
DA:29,0
DA:34,0
DA:41,0
DA:48,0
DA:55,3
LF:8
LH:3
BRF:0
BRH:0
end_of_record
TN:
SF:src/components/Header.jsx
FN:5,Header
FN:9,(anonymous_1)
FN:16,(anonymous_2)
FNF:3
FNH:3
FNDA:35,Header
FNDA:5,(anonymous_1)
FNDA:1,(anonymous_2)
DA:6,35
DA:7,35
DA:9,35
DA:12,5
DA:13,5
DA:16,35
DA:17,1
DA:18,1
DA:19,1
DA:22,35
LF:10
LH:10
BRF:0
BRH:0
end_of_record
TN:
SF:src/components/Information.jsx
FN:9,Information
FN:18,(anonymous_1)
FN:23,(anonymous_2)
FN:26,(anonymous_3)
FN:33,(anonymous_4)
FN:37,(anonymous_5)
FN:42,(anonymous_6)
FN:44,(anonymous_7)
FN:52,(anonymous_8)
FN:63,(anonymous_9)
FN:68,(anonymous_10)
FN:73,(anonymous_11)
FNF:12
FNH:5
FNDA:7,Information
FNDA:2,(anonymous_1)
FNDA:1,(anonymous_2)
FNDA:1,(anonymous_3)
FNDA:1,(anonymous_4)
FNDA:0,(anonymous_5)
FNDA:0,(anonymous_6)
FNDA:0,(anonymous_7)
FNDA:0,(anonymous_8)
FNDA:0,(anonymous_9)
FNDA:0,(anonymous_10)
FNDA:0,(anonymous_11)
DA:10,7
DA:11,7
DA:12,7
DA:13,7
DA:14,7
DA:15,7
DA:18,7
DA:19,2
DA:20,1
DA:21,1
DA:24,1
DA:25,1
DA:26,1
DA:27,1
DA:33,2
DA:34,2
DA:37,7
DA:38,0
DA:39,0
DA:40,0
DA:43,0
DA:44,0
DA:45,0
DA:47,0
DA:52,0
DA:53,0
DA:56,7
DA:63,0
DA:68,0
DA:73,0
DA:86,3
LF:31
LH:19
BRDA:19,0,0,1
BRDA:19,0,1,1
BRDA:25,1,0,1
BRDA:25,1,1,0
BRDA:33,2,0,1
BRDA:33,2,1,1
BRDA:34,3,0,0
BRDA:34,3,1,2
BRDA:38,4,0,0
BRDA:38,4,1,0
BRDA:43,5,0,0
BRDA:43,5,1,0
BRDA:52,6,0,0
BRDA:52,6,1,0
BRDA:53,7,0,0
BRDA:53,7,1,0
BRDA:61,8,0,7
BRDA:61,8,1,2
BRDA:66,9,0,7
BRDA:66,9,1,0
BRDA:71,10,0,7
BRDA:71,10,1,0
BRDA:76,11,0,7
BRDA:76,11,1,0
BRF:24
BRH:11
end_of_record
TN:
SF:src/components/Lineups.jsx
FN:4,Lineups
FNF:1
FNH:0
FNDA:0,Lineups
DA:5,0
DA:6,0
DA:13,3
LF:3
LH:1
BRF:0
BRH:0
end_of_record
TN:
SF:src/components/Loading.jsx
FN:3,Loading
FNF:1
FNH:1
FNDA:22,Loading
DA:4,22
DA:18,3
LF:2
LH:2
BRF:0
BRH:0
end_of_record
TN:
SF:src/components/PlayersInfo.jsx
FN:4,playersInfo
FN:6,(anonymous_1)
FNF:2
FNH:2
FNDA:2,playersInfo
FNDA:6,(anonymous_1)
DA:5,2
DA:6,6
DA:11,2
DA:18,3
LF:4
LH:4
BRF:0
BRH:0
end_of_record
TN:
SF:src/components/SelectOptions.jsx
FN:3,SelectOptions
FN:10,(anonymous_1)
FN:15,(anonymous_2)
FNF:3
FNH:3
FNDA:140,SelectOptions
FNDA:6,(anonymous_1)
FNDA:153,(anonymous_2)
DA:4,140
DA:10,6
DA:16,153
DA:25,3
LF:4
LH:4
BRDA:14,0,0,140
BRDA:14,0,1,54
BRF:2
BRH:2
end_of_record
TN:
SF:src/components/Statistics.jsx
FN:4,Statistics
FNF:1
FNH:0
FNDA:0,Statistics
DA:5,0
DA:6,0
DA:7,0
DA:15,0
DA:22,3
LF:5
LH:1
BRF:0
BRH:0
end_of_record
TN:
SF:src/components/Table.jsx
FN:3,Table
FN:8,(anonymous_1)
FN:14,(anonymous_2)
FN:16,(anonymous_3)
FNF:4
FNH:4
FNDA:2,Table
FNDA:6,(anonymous_1)
FNDA:6,(anonymous_2)
FNDA:18,(anonymous_3)
DA:4,2
DA:9,6
DA:15,6
DA:17,18
DA:26,3
LF:5
LH:5
BRF:0
BRH:0
end_of_record
TN:
SF:src/pages/Login.jsx
FN:6,Login
FN:11,(anonymous_1)
FN:17,(anonymous_2)
FN:22,(anonymous_3)
FN:34,(anonymous_4)
FN:37,(anonymous_5)
FNF:6
FNH:6
FNDA:107,Login
FNDA:9,(anonymous_1)
FNDA:2,(anonymous_2)
FNDA:2,(anonymous_3)
FNDA:2,(anonymous_4)
FNDA:96,(anonymous_5)
DA:7,107
DA:8,107
DA:9,107
DA:11,107
DA:12,9
DA:13,4
DA:17,107
DA:18,2
DA:19,2
DA:22,107
DA:23,2
DA:24,1
DA:25,1
DA:27,1
DA:28,1
DA:29,1
DA:30,1
DA:33,107
DA:34,2
DA:37,96
LF:20
LH:20
BRDA:12,0,0,4
BRDA:12,0,1,5
BRDA:23,1,0,1
BRDA:23,1,1,1
BRDA:41,2,0,107
BRDA:41,2,1,1
BRF:6
BRH:6
end_of_record
TN:
SF:src/pages/Main.jsx
FN:10,Main
FN:25,(anonymous_1)
FN:30,(anonymous_2)
FN:33,(anonymous_3)
FN:44,(anonymous_4)
FN:45,(anonymous_5)
FN:50,(anonymous_6)
FN:51,(anonymous_7)
FN:61,(anonymous_8)
FN:62,(anonymous_9)
FN:66,(anonymous_10)
FN:76,(anonymous_11)
FN:86,(anonymous_12)
FN:93,(anonymous_13)
FN:100,(anonymous_14)
FN:110,(anonymous_15)
FNF:16
FNH:15
FNDA:39,Main
FNDA:5,(anonymous_1)
FNDA:5,(anonymous_2)
FNDA:5,(anonymous_3)
FNDA:7,(anonymous_4)
FNDA:2,(anonymous_5)
FNDA:2,(anonymous_6)
FNDA:2,(anonymous_7)
FNDA:6,(anonymous_8)
FNDA:1,(anonymous_9)
FNDA:1,(anonymous_10)
FNDA:0,(anonymous_11)
FNDA:104,(anonymous_12)
FNDA:24,(anonymous_13)
FNDA:11,(anonymous_14)
FNDA:18,(anonymous_15)
DA:11,39
DA:13,36
DA:15,36
DA:16,36
DA:17,36
DA:18,36
DA:19,36
DA:20,36
DA:21,36
DA:22,36
DA:23,36
DA:25,36
DA:26,5
DA:27,5
DA:28,0
DA:30,5
DA:31,5
DA:34,5
DA:35,5
DA:40,5
DA:41,5
DA:44,36
DA:45,7
DA:46,2
DA:47,2
DA:48,2
DA:51,2
DA:52,1
DA:53,1
DA:58,7
DA:61,36
DA:62,6
DA:63,1
DA:64,1
DA:67,1
DA:68,1
DA:73,6
DA:76,36
DA:77,0
DA:80,36
DA:86,104
DA:93,24
DA:100,11
DA:110,18
LF:44
LH:42
BRDA:27,0,0,0
BRDA:27,0,1,5
BRDA:35,1,0,5
BRDA:35,1,1,0
BRDA:53,2,0,1
BRDA:53,2,1,0
BRDA:58,3,0,2
BRDA:58,3,1,5
BRDA:68,4,0,1
BRDA:68,4,1,0
BRDA:73,5,0,1
BRDA:73,5,1,5
BRDA:119,6,0,36
BRDA:119,6,1,4
BRDA:130,7,0,36
BRDA:130,7,1,23
BRF:16
BRH:12
end_of_record
TN:
SF:src/utils/fetchAPI.js
FN:3,fetchAPI
FNF:1
FNH:1
FNDA:11,fetchAPI
DA:1,3
DA:4,11
DA:5,11
DA:6,11
DA:7,11
DA:9,1
LF:6
LH:6
BRF:0
BRH:0
end_of_record
TN:
SF:src/utils/getAPI.js
FN:3,getAPI
FNF:1
FNH:1
FNDA:11,getAPI
DA:4,11
DA:10,11
LF:2
LH:2
BRF:0
BRH:0
end_of_record
TN:
SF:src/utils/localStorage.js
FN:1,(anonymous_0)
FN:5,(anonymous_1)
FN:7,(anonymous_2)
FNF:3
FNH:3
FNDA:16,(anonymous_0)
FNDA:29,(anonymous_1)
FNDA:10,(anonymous_2)
DA:1,3
DA:2,16
DA:5,29
DA:7,3
DA:8,10
DA:9,10
LF:6
LH:6
BRDA:5,0,0,29
BRDA:5,0,1,11
BRDA:8,1,0,6
BRDA:8,1,1,4
BRF:4
BRH:4
end_of_record
